{
  "stats": {
    "suites": 24,
    "tests": 48,
    "passes": 41,
    "pending": 0,
    "failures": 7,
    "testsRegistered": 48,
    "passPercent": 85.41666666666667,
    "pendingPercent": 0,
    "other": 0,
    "hasOther": false,
    "skipped": 0,
    "hasSkipped": false,
    "start": "2025-01-10T16:00:29.241Z",
    "end": "2025-01-11T13:43:10.001Z",
    "duration": 78160760
  },
  "results": [
    {
      "uuid": "d2242a4e-9236-46e9-a5b3-6b8b293c905b",
      "title": "",
      "fullFile": "cypress\\e2e\\Buzz.cy.js",
      "file": "cypress\\e2e\\Buzz.cy.js",
      "beforeHooks": [],
      "afterHooks": [],
      "tests": [],
      "suites": [
        {
          "uuid": "b0a82f97-905a-4db1-acbd-3a75892b715d",
          "title": "Buzz Tests on Orange HRM Application",
          "fullFile": "",
          "file": "",
          "beforeHooks": [],
          "afterHooks": [],
          "tests": [
            {
              "title": "Verify user able to post in newsfeed of Buzz Module",
              "fullTitle": "Buzz Tests on Orange HRM Application Verify user able to post in newsfeed of Buzz Module",
              "timedOut": null,
              "duration": 6566,
              "state": "passed",
              "speed": "medium",
              "pass": true,
              "fail": false,
              "pending": false,
              "context": null,
              "code": "cy.get('textarea').should('be.visible').type('\"Hey My first post, Whats on your mind\"');\ncy.get('button[type=\"submit\"]').click({\n  force: true\n});\ncy.get('.oxd-toast-content.oxd-toast-content--success').should('be.visible').contains('Successfully Saved');",
              "err": {},
              "uuid": "ae5eb89c-fe9d-4479-b314-a74c64bab75f",
              "parentUUID": "b0a82f97-905a-4db1-acbd-3a75892b715d",
              "isHook": false,
              "skipped": false
            }
          ],
          "suites": [],
          "passes": [
            "ae5eb89c-fe9d-4479-b314-a74c64bab75f"
          ],
          "failures": [],
          "pending": [],
          "skipped": [],
          "duration": 6566,
          "root": false,
          "rootEmpty": false,
          "_timeout": 2000
        }
      ],
      "passes": [],
      "failures": [],
      "pending": [],
      "skipped": [],
      "duration": 0,
      "root": true,
      "rootEmpty": true,
      "_timeout": 2000
    },
    {
      "uuid": "7b32cf37-a5a5-462f-8b23-8b94c8229232",
      "title": "",
      "fullFile": "cypress\\e2e\\IDdash.cy.js",
      "file": "cypress\\e2e\\IDdash.cy.js",
      "beforeHooks": [],
      "afterHooks": [],
      "tests": [],
      "suites": [
        {
          "uuid": "a47980f1-2647-4191-bc78-2f3f83430823",
          "title": "Dasboard Tests on Orange HRM Application",
          "fullFile": "",
          "file": "",
          "beforeHooks": [],
          "afterHooks": [],
          "tests": [
            {
              "title": "Verify hyperlinks are not broken on Dashboard Page",
              "fullTitle": "Dasboard Tests on Orange HRM Application Verify hyperlinks are not broken on Dashboard Page",
              "timedOut": null,
              "duration": 14456,
              "state": "passed",
              "speed": "slow",
              "pass": true,
              "fail": false,
              "pending": false,
              "context": null,
              "code": "cy.fetchAndLogLinks();\ncy.screenshot(); //taking a screenshot with command",
              "err": {},
              "uuid": "a176a715-8bcf-4532-bca8-39567a4b1495",
              "parentUUID": "a47980f1-2647-4191-bc78-2f3f83430823",
              "isHook": false,
              "skipped": false
            },
            {
              "title": "Verify Images are not broken on Dashboard Page",
              "fullTitle": "Dasboard Tests on Orange HRM Application Verify Images are not broken on Dashboard Page",
              "timedOut": null,
              "duration": 4535,
              "state": "passed",
              "speed": "fast",
              "pass": true,
              "fail": false,
              "pending": false,
              "context": null,
              "code": "cy.checkImages();\ncy.screenshot('dashboard/imageNotBroken/'); // taking the screenshot and saving it to a particular location.",
              "err": {},
              "uuid": "c1cc11fe-40f2-4c5e-b513-2ad3dc827614",
              "parentUUID": "a47980f1-2647-4191-bc78-2f3f83430823",
              "isHook": false,
              "skipped": false
            },
            {
              "title": "Verify Screenshot taken by failed case at assertion on dashboard page",
              "fullTitle": "Dasboard Tests on Orange HRM Application Verify Screenshot taken by failed case at assertion on dashboard page",
              "timedOut": null,
              "duration": 6538,
              "state": "failed",
              "speed": null,
              "pass": false,
              "fail": true,
              "pending": false,
              "context": null,
              "code": "// purposefully failing the test, so that cypress can take screenshot from config attribute.\ncy.get('.oxd-userdropdown').should('contain', 'Sobhit Sharma');",
              "err": {
                "message": "AssertionError: Timed out retrying after 4000ms: expected '<li.oxd-userdropdown>' to contain 'Sobhit Sharma'",
                "estack": "AssertionError: Timed out retrying after 4000ms: expected '<li.oxd-userdropdown>' to contain 'Sobhit Sharma'\n    at Context.eval (webpack://mon-projet-cypress/./cypress/e2e/IDdash.cy.js:20:7)",
                "diff": null
              },
              "uuid": "720edd53-72a7-4068-9a46-64468483b405",
              "parentUUID": "a47980f1-2647-4191-bc78-2f3f83430823",
              "isHook": false,
              "skipped": false
            }
          ],
          "suites": [],
          "passes": [
            "a176a715-8bcf-4532-bca8-39567a4b1495",
            "c1cc11fe-40f2-4c5e-b513-2ad3dc827614"
          ],
          "failures": [
            "720edd53-72a7-4068-9a46-64468483b405"
          ],
          "pending": [],
          "skipped": [],
          "duration": 25529,
          "root": false,
          "rootEmpty": false,
          "_timeout": 2000
        }
      ],
      "passes": [],
      "failures": [],
      "pending": [],
      "skipped": [],
      "duration": 0,
      "root": true,
      "rootEmpty": true,
      "_timeout": 2000
    },
    {
      "uuid": "333276e1-ef1a-447f-ad35-e08c6ea4d9cc",
      "title": "",
      "fullFile": "cypress\\e2e\\OrangeLogin.cy.js",
      "file": "cypress\\e2e\\OrangeLogin.cy.js",
      "beforeHooks": [],
      "afterHooks": [],
      "tests": [],
      "suites": [
        {
          "uuid": "12b145ce-1518-4b75-ac96-e25473b5f4fc",
          "title": "Login page orange",
          "fullFile": "",
          "file": "",
          "beforeHooks": [],
          "afterHooks": [],
          "tests": [
            {
              "title": "Verfify login working",
              "fullTitle": "Login page orange Verfify login working",
              "timedOut": null,
              "duration": 3211,
              "state": "passed",
              "speed": "fast",
              "pass": true,
              "fail": false,
              "pending": false,
              "context": null,
              "code": "cy.visit('/');\ncy.get('input[name=\"username\"]').type(\"Admin\");\ncy.get('input[name=\"password\"]').type(\"admin123\");\ncy.get('button[type=\"submit\"]').click();\ncy.get('.oxd-userdropdown').should('be.visible');",
              "err": {},
              "uuid": "0ec25d33-0829-4666-958e-03eebf9d7b61",
              "parentUUID": "12b145ce-1518-4b75-ac96-e25473b5f4fc",
              "isHook": false,
              "skipped": false
            },
            {
              "title": "Verify Login to the HRM App with invalid credentials",
              "fullTitle": "Login page orange Verify Login to the HRM App with invalid credentials",
              "timedOut": null,
              "duration": 2517,
              "state": "passed",
              "speed": "fast",
              "pass": true,
              "fail": false,
              "pending": false,
              "context": null,
              "code": "cy.visit('/');\ncy.get('input[placeholder=\"Username\"]').type(\"Admin\");\ncy.get('input[placeholder=\"Password\"]').type(\"admin1235\");\ncy.get('button[type=\"submit\"]').click({\n  force: true\n});\n// Use the \"should\" command to assert element visibility\ncy.get('div[role=\"alert\"]') // Replace '.element-selector' with the actual selector of the element\n.should('be.visible'); // Use 'be.visible' to assert that the element is visible",
              "err": {},
              "uuid": "aceaf037-f6f3-45cd-baab-5d40a0c0db3b",
              "parentUUID": "12b145ce-1518-4b75-ac96-e25473b5f4fc",
              "isHook": false,
              "skipped": false
            },
            {
              "title": "Login Forgot your password link navigation is working",
              "fullTitle": "Login page orange Login Forgot your password link navigation is working",
              "timedOut": null,
              "duration": 1697,
              "state": "passed",
              "speed": "fast",
              "pass": true,
              "fail": false,
              "pending": false,
              "context": null,
              "code": "cy.visit('/');\ncy.get('.oxd-text.oxd-text--p.orangehrm-login-forgot-header').click({\n  force: true\n});\n// Use the \"should\" command to assert element visibility\ncy.get('button[type=\"button\"]') // Replace '.element-selector' with the actual selector of the element\n.should('be.visible');",
              "err": {},
              "uuid": "91c3346b-48e7-4513-a5aa-eaf9677e35bb",
              "parentUUID": "12b145ce-1518-4b75-ac96-e25473b5f4fc",
              "isHook": false,
              "skipped": false
            }
          ],
          "suites": [],
          "passes": [
            "0ec25d33-0829-4666-958e-03eebf9d7b61",
            "aceaf037-f6f3-45cd-baab-5d40a0c0db3b",
            "91c3346b-48e7-4513-a5aa-eaf9677e35bb"
          ],
          "failures": [],
          "pending": [],
          "skipped": [],
          "duration": 7425,
          "root": false,
          "rootEmpty": false,
          "_timeout": 2000
        }
      ],
      "passes": [],
      "failures": [],
      "pending": [],
      "skipped": [],
      "duration": 0,
      "root": true,
      "rootEmpty": true,
      "_timeout": 2000
    },
    {
      "uuid": "7d137f73-08db-4d8e-82f8-7276f8fbf984",
      "title": "",
      "fullFile": "cypress\\e2e\\spec.cy.js",
      "file": "cypress\\e2e\\spec.cy.js",
      "beforeHooks": [],
      "afterHooks": [],
      "tests": [],
      "suites": [
        {
          "uuid": "f13b5f73-2ea4-487a-9594-bd53e34e7283",
          "title": "template spec",
          "fullFile": "",
          "file": "",
          "beforeHooks": [],
          "afterHooks": [],
          "tests": [
            {
              "title": "passes",
              "fullTitle": "template spec passes",
              "timedOut": null,
              "duration": 1023,
              "state": "passed",
              "speed": "fast",
              "pass": true,
              "fail": false,
              "pending": false,
              "context": null,
              "code": "cy.visit('https://example.cypress.io');",
              "err": {},
              "uuid": "8f2047ec-01de-4a49-8601-6a1ef730e180",
              "parentUUID": "f13b5f73-2ea4-487a-9594-bd53e34e7283",
              "isHook": false,
              "skipped": false
            }
          ],
          "suites": [],
          "passes": [
            "8f2047ec-01de-4a49-8601-6a1ef730e180"
          ],
          "failures": [],
          "pending": [],
          "skipped": [],
          "duration": 1023,
          "root": false,
          "rootEmpty": false,
          "_timeout": 2000
        }
      ],
      "passes": [],
      "failures": [],
      "pending": [],
      "skipped": [],
      "duration": 0,
      "root": true,
      "rootEmpty": true,
      "_timeout": 2000
    },
    {
      "uuid": "0ed555d9-35c1-4301-b2c8-2f6be6b6cb70",
      "title": "",
      "fullFile": "cypress\\e2e\\Buzz.cy.js",
      "file": "cypress\\e2e\\Buzz.cy.js",
      "beforeHooks": [],
      "afterHooks": [],
      "tests": [],
      "suites": [
        {
          "uuid": "374dbd3a-76cb-4949-8358-dfa7e9e023f4",
          "title": "Buzz Tests on Orange HRM Application",
          "fullFile": "",
          "file": "",
          "beforeHooks": [],
          "afterHooks": [],
          "tests": [
            {
              "title": "Verify user able to post in newsfeed of Buzz Module",
              "fullTitle": "Buzz Tests on Orange HRM Application Verify user able to post in newsfeed of Buzz Module",
              "timedOut": null,
              "duration": 6605,
              "state": "passed",
              "speed": "medium",
              "pass": true,
              "fail": false,
              "pending": false,
              "context": null,
              "code": "cy.get('textarea').should('be.visible').type('\"Hey My first post, Whats on your mind\"');\ncy.get('button[type=\"submit\"]').click({\n  force: true\n});\ncy.get('.oxd-toast-content.oxd-toast-content--success').should('be.visible').contains('Successfully Saved');",
              "err": {},
              "uuid": "2daee7b7-0a1c-4dca-924b-842872f2ac0d",
              "parentUUID": "374dbd3a-76cb-4949-8358-dfa7e9e023f4",
              "isHook": false,
              "skipped": false
            }
          ],
          "suites": [],
          "passes": [
            "2daee7b7-0a1c-4dca-924b-842872f2ac0d"
          ],
          "failures": [],
          "pending": [],
          "skipped": [],
          "duration": 6605,
          "root": false,
          "rootEmpty": false,
          "_timeout": 2000
        }
      ],
      "passes": [],
      "failures": [],
      "pending": [],
      "skipped": [],
      "duration": 0,
      "root": true,
      "rootEmpty": true,
      "_timeout": 2000
    },
    {
      "uuid": "65bca681-460e-4f62-8930-7037d1c9ceb5",
      "title": "",
      "fullFile": "cypress\\e2e\\IDdash.cy.js",
      "file": "cypress\\e2e\\IDdash.cy.js",
      "beforeHooks": [],
      "afterHooks": [],
      "tests": [],
      "suites": [
        {
          "uuid": "9e3dd343-9e27-44bd-9dc1-ae98c885148a",
          "title": "Dasboard Tests on Orange HRM Application",
          "fullFile": "",
          "file": "",
          "beforeHooks": [],
          "afterHooks": [],
          "tests": [
            {
              "title": "Verify hyperlinks are not broken on Dashboard Page",
              "fullTitle": "Dasboard Tests on Orange HRM Application Verify hyperlinks are not broken on Dashboard Page",
              "timedOut": null,
              "duration": 15583,
              "state": "passed",
              "speed": "slow",
              "pass": true,
              "fail": false,
              "pending": false,
              "context": null,
              "code": "cy.fetchAndLogLinks();\ncy.screenshot(); //taking a screenshot with command",
              "err": {},
              "uuid": "c172f8e0-a444-42a5-aff1-904497021f23",
              "parentUUID": "9e3dd343-9e27-44bd-9dc1-ae98c885148a",
              "isHook": false,
              "skipped": false
            },
            {
              "title": "Verify Images are not broken on Dashboard Page",
              "fullTitle": "Dasboard Tests on Orange HRM Application Verify Images are not broken on Dashboard Page",
              "timedOut": null,
              "duration": 7321,
              "state": "passed",
              "speed": "medium",
              "pass": true,
              "fail": false,
              "pending": false,
              "context": null,
              "code": "cy.checkImages();\ncy.screenshot('dashboard/imageNotBroken/'); // taking the screenshot and saving it to a particular location.",
              "err": {},
              "uuid": "2ac8806d-944b-428c-9228-1bd978442fd5",
              "parentUUID": "9e3dd343-9e27-44bd-9dc1-ae98c885148a",
              "isHook": false,
              "skipped": false
            },
            {
              "title": "Verify Screenshot taken by failed case at assertion on dashboard page",
              "fullTitle": "Dasboard Tests on Orange HRM Application Verify Screenshot taken by failed case at assertion on dashboard page",
              "timedOut": null,
              "duration": 7679,
              "state": "failed",
              "speed": null,
              "pass": false,
              "fail": true,
              "pending": false,
              "context": null,
              "code": "// purposefully failing the test, so that cypress can take screenshot from config attribute.\ncy.get('.oxd-userdropdown').should('contain', 'Sobhit Sharma');",
              "err": {
                "message": "AssertionError: Timed out retrying after 4000ms: expected '<li.oxd-userdropdown>' to contain 'Sobhit Sharma'",
                "estack": "AssertionError: Timed out retrying after 4000ms: expected '<li.oxd-userdropdown>' to contain 'Sobhit Sharma'\n    at Context.eval (webpack://mon-projet-cypress/./cypress/e2e/IDdash.cy.js:20:7)",
                "diff": null
              },
              "uuid": "170403ca-d743-46d4-9e5b-47fdca0f6f24",
              "parentUUID": "9e3dd343-9e27-44bd-9dc1-ae98c885148a",
              "isHook": false,
              "skipped": false
            }
          ],
          "suites": [],
          "passes": [
            "c172f8e0-a444-42a5-aff1-904497021f23",
            "2ac8806d-944b-428c-9228-1bd978442fd5"
          ],
          "failures": [
            "170403ca-d743-46d4-9e5b-47fdca0f6f24"
          ],
          "pending": [],
          "skipped": [],
          "duration": 30583,
          "root": false,
          "rootEmpty": false,
          "_timeout": 2000
        }
      ],
      "passes": [],
      "failures": [],
      "pending": [],
      "skipped": [],
      "duration": 0,
      "root": true,
      "rootEmpty": true,
      "_timeout": 2000
    },
    {
      "uuid": "ea2992c0-c0e5-492d-b9ee-568dfcbecc63",
      "title": "",
      "fullFile": "cypress\\e2e\\OrangeLogin.cy.js",
      "file": "cypress\\e2e\\OrangeLogin.cy.js",
      "beforeHooks": [],
      "afterHooks": [],
      "tests": [],
      "suites": [
        {
          "uuid": "8be92e18-fce8-4e6a-ac5a-f1b795308263",
          "title": "Login page orange",
          "fullFile": "",
          "file": "",
          "beforeHooks": [],
          "afterHooks": [],
          "tests": [
            {
              "title": "Verfify login working",
              "fullTitle": "Login page orange Verfify login working",
              "timedOut": null,
              "duration": 4181,
              "state": "passed",
              "speed": "fast",
              "pass": true,
              "fail": false,
              "pending": false,
              "context": null,
              "code": "cy.visit('/');\ncy.get('input[name=\"username\"]').type(\"Admin\");\ncy.get('input[name=\"password\"]').type(\"admin123\");\ncy.get('button[type=\"submit\"]').click();\ncy.get('.oxd-userdropdown').should('be.visible');",
              "err": {},
              "uuid": "e346f487-ffa7-4470-9edd-7cc7726b910f",
              "parentUUID": "8be92e18-fce8-4e6a-ac5a-f1b795308263",
              "isHook": false,
              "skipped": false
            },
            {
              "title": "Verify Login to the HRM App with invalid credentials",
              "fullTitle": "Login page orange Verify Login to the HRM App with invalid credentials",
              "timedOut": null,
              "duration": 2587,
              "state": "passed",
              "speed": "fast",
              "pass": true,
              "fail": false,
              "pending": false,
              "context": null,
              "code": "cy.visit('/');\ncy.get('input[placeholder=\"Username\"]').type(\"Admin\");\ncy.get('input[placeholder=\"Password\"]').type(\"admin1235\");\ncy.get('button[type=\"submit\"]').click({\n  force: true\n});\n// Use the \"should\" command to assert element visibility\ncy.get('div[role=\"alert\"]') // Replace '.element-selector' with the actual selector of the element\n.should('be.visible'); // Use 'be.visible' to assert that the element is visible",
              "err": {},
              "uuid": "60d0dbd6-9b7b-4aa8-bf7f-de49f28d0097",
              "parentUUID": "8be92e18-fce8-4e6a-ac5a-f1b795308263",
              "isHook": false,
              "skipped": false
            },
            {
              "title": "Login Forgot your password link navigation is working",
              "fullTitle": "Login page orange Login Forgot your password link navigation is working",
              "timedOut": null,
              "duration": 2058,
              "state": "passed",
              "speed": "fast",
              "pass": true,
              "fail": false,
              "pending": false,
              "context": null,
              "code": "cy.visit('/');\ncy.get('.oxd-text.oxd-text--p.orangehrm-login-forgot-header').click({\n  force: true\n});\n// Use the \"should\" command to assert element visibility\ncy.get('button[type=\"button\"]') // Replace '.element-selector' with the actual selector of the element\n.should('be.visible');",
              "err": {},
              "uuid": "58456fa9-0624-41b1-8458-1b2ecf452b65",
              "parentUUID": "8be92e18-fce8-4e6a-ac5a-f1b795308263",
              "isHook": false,
              "skipped": false
            }
          ],
          "suites": [],
          "passes": [
            "e346f487-ffa7-4470-9edd-7cc7726b910f",
            "60d0dbd6-9b7b-4aa8-bf7f-de49f28d0097",
            "58456fa9-0624-41b1-8458-1b2ecf452b65"
          ],
          "failures": [],
          "pending": [],
          "skipped": [],
          "duration": 8826,
          "root": false,
          "rootEmpty": false,
          "_timeout": 2000
        }
      ],
      "passes": [],
      "failures": [],
      "pending": [],
      "skipped": [],
      "duration": 0,
      "root": true,
      "rootEmpty": true,
      "_timeout": 2000
    },
    {
      "uuid": "25af155a-af59-47c4-a690-fc2d8594b593",
      "title": "",
      "fullFile": "cypress\\e2e\\spec.cy.js",
      "file": "cypress\\e2e\\spec.cy.js",
      "beforeHooks": [],
      "afterHooks": [],
      "tests": [],
      "suites": [
        {
          "uuid": "6167e23c-c486-45b9-ba8c-ce006f02a47a",
          "title": "template spec",
          "fullFile": "",
          "file": "",
          "beforeHooks": [],
          "afterHooks": [],
          "tests": [
            {
              "title": "passes",
              "fullTitle": "template spec passes",
              "timedOut": null,
              "duration": 779,
              "state": "passed",
              "speed": "fast",
              "pass": true,
              "fail": false,
              "pending": false,
              "context": null,
              "code": "cy.visit('https://example.cypress.io');",
              "err": {},
              "uuid": "2917fa0e-635f-4da4-9b2b-7357d2655d7e",
              "parentUUID": "6167e23c-c486-45b9-ba8c-ce006f02a47a",
              "isHook": false,
              "skipped": false
            }
          ],
          "suites": [],
          "passes": [
            "2917fa0e-635f-4da4-9b2b-7357d2655d7e"
          ],
          "failures": [],
          "pending": [],
          "skipped": [],
          "duration": 779,
          "root": false,
          "rootEmpty": false,
          "_timeout": 2000
        }
      ],
      "passes": [],
      "failures": [],
      "pending": [],
      "skipped": [],
      "duration": 0,
      "root": true,
      "rootEmpty": true,
      "_timeout": 2000
    },
    {
      "uuid": "c608b3c6-03c4-447a-91de-9202c4b6eaa1",
      "title": "",
      "fullFile": "cypress\\e2e\\Buzz.cy.js",
      "file": "cypress\\e2e\\Buzz.cy.js",
      "beforeHooks": [],
      "afterHooks": [],
      "tests": [],
      "suites": [
        {
          "uuid": "bab4dcef-220e-4835-8c69-250aa5fe6748",
          "title": "Buzz Tests on Orange HRM Application",
          "fullFile": "",
          "file": "",
          "beforeHooks": [],
          "afterHooks": [],
          "tests": [
            {
              "title": "Verify user able to post in newsfeed of Buzz Module",
              "fullTitle": "Buzz Tests on Orange HRM Application Verify user able to post in newsfeed of Buzz Module",
              "timedOut": null,
              "duration": 6970,
              "state": "passed",
              "speed": "medium",
              "pass": true,
              "fail": false,
              "pending": false,
              "context": null,
              "code": "cy.get('textarea').should('be.visible').type('\"Hey My first post, Whats on your mind\"');\ncy.get('button[type=\"submit\"]').click({\n  force: true\n});\ncy.get('.oxd-toast-content.oxd-toast-content--success').should('be.visible').contains('Successfully Saved');",
              "err": {},
              "uuid": "257dc27b-1d60-46de-8a76-e5c3519a2b4f",
              "parentUUID": "bab4dcef-220e-4835-8c69-250aa5fe6748",
              "isHook": false,
              "skipped": false
            }
          ],
          "suites": [],
          "passes": [
            "257dc27b-1d60-46de-8a76-e5c3519a2b4f"
          ],
          "failures": [],
          "pending": [],
          "skipped": [],
          "duration": 6970,
          "root": false,
          "rootEmpty": false,
          "_timeout": 2000
        }
      ],
      "passes": [],
      "failures": [],
      "pending": [],
      "skipped": [],
      "duration": 0,
      "root": true,
      "rootEmpty": true,
      "_timeout": 2000
    },
    {
      "uuid": "93110d52-4e5e-4aaa-a3b8-d0e20f9bbbfe",
      "title": "",
      "fullFile": "cypress\\e2e\\IDdash.cy.js",
      "file": "cypress\\e2e\\IDdash.cy.js",
      "beforeHooks": [],
      "afterHooks": [],
      "tests": [],
      "suites": [
        {
          "uuid": "4960ca43-1311-47a3-ae9b-fc39f290a408",
          "title": "Dasboard Tests on Orange HRM Application",
          "fullFile": "",
          "file": "",
          "beforeHooks": [],
          "afterHooks": [],
          "tests": [
            {
              "title": "Verify hyperlinks are not broken on Dashboard Page",
              "fullTitle": "Dasboard Tests on Orange HRM Application Verify hyperlinks are not broken on Dashboard Page",
              "timedOut": null,
              "duration": 15065,
              "state": "passed",
              "speed": "slow",
              "pass": true,
              "fail": false,
              "pending": false,
              "context": null,
              "code": "cy.fetchAndLogLinks();\ncy.screenshot(); //taking a screenshot with command",
              "err": {},
              "uuid": "1bc943bf-0e52-4094-895c-a2633d4106ae",
              "parentUUID": "4960ca43-1311-47a3-ae9b-fc39f290a408",
              "isHook": false,
              "skipped": false
            },
            {
              "title": "Verify Images are not broken on Dashboard Page",
              "fullTitle": "Dasboard Tests on Orange HRM Application Verify Images are not broken on Dashboard Page",
              "timedOut": null,
              "duration": 4518,
              "state": "passed",
              "speed": "fast",
              "pass": true,
              "fail": false,
              "pending": false,
              "context": null,
              "code": "cy.checkImages();\ncy.screenshot('dashboard/imageNotBroken/'); // taking the screenshot and saving it to a particular location.",
              "err": {},
              "uuid": "94a0ff6f-209b-4d04-81ab-1642112feba9",
              "parentUUID": "4960ca43-1311-47a3-ae9b-fc39f290a408",
              "isHook": false,
              "skipped": false
            },
            {
              "title": "Verify Screenshot taken by failed case at assertion on dashboard page",
              "fullTitle": "Dasboard Tests on Orange HRM Application Verify Screenshot taken by failed case at assertion on dashboard page",
              "timedOut": null,
              "duration": 2599,
              "state": "passed",
              "speed": "fast",
              "pass": true,
              "fail": false,
              "pending": false,
              "context": null,
              "code": "// purposefully failing the test, so that cypress can take screenshot from config attribute.\ncy.get('.oxd-userdropdown').should('contain', 'manda user');",
              "err": {},
              "uuid": "4cd65440-1e2f-4327-a756-7acf210ee9a5",
              "parentUUID": "4960ca43-1311-47a3-ae9b-fc39f290a408",
              "isHook": false,
              "skipped": false
            }
          ],
          "suites": [],
          "passes": [
            "1bc943bf-0e52-4094-895c-a2633d4106ae",
            "94a0ff6f-209b-4d04-81ab-1642112feba9",
            "4cd65440-1e2f-4327-a756-7acf210ee9a5"
          ],
          "failures": [],
          "pending": [],
          "skipped": [],
          "duration": 22182,
          "root": false,
          "rootEmpty": false,
          "_timeout": 2000
        }
      ],
      "passes": [],
      "failures": [],
      "pending": [],
      "skipped": [],
      "duration": 0,
      "root": true,
      "rootEmpty": true,
      "_timeout": 2000
    },
    {
      "uuid": "7743d21b-3e01-4fdb-b99e-4b590c806f99",
      "title": "",
      "fullFile": "cypress\\e2e\\OrangeLogin.cy.js",
      "file": "cypress\\e2e\\OrangeLogin.cy.js",
      "beforeHooks": [],
      "afterHooks": [],
      "tests": [],
      "suites": [
        {
          "uuid": "eec422f5-aafc-44b0-bf39-077bd915d43e",
          "title": "Login page orange",
          "fullFile": "",
          "file": "",
          "beforeHooks": [],
          "afterHooks": [],
          "tests": [
            {
              "title": "Verfify login working",
              "fullTitle": "Login page orange Verfify login working",
              "timedOut": null,
              "duration": 3188,
              "state": "passed",
              "speed": "fast",
              "pass": true,
              "fail": false,
              "pending": false,
              "context": null,
              "code": "cy.visit('/');\ncy.get('input[name=\"username\"]').type(\"Admin\");\ncy.get('input[name=\"password\"]').type(\"admin123\");\ncy.get('button[type=\"submit\"]').click();\ncy.get('.oxd-userdropdown').should('be.visible');",
              "err": {},
              "uuid": "ad3d8135-ac35-4081-afbf-69d6fbb60f18",
              "parentUUID": "eec422f5-aafc-44b0-bf39-077bd915d43e",
              "isHook": false,
              "skipped": false
            },
            {
              "title": "Verify Login to the HRM App with invalid credentials",
              "fullTitle": "Login page orange Verify Login to the HRM App with invalid credentials",
              "timedOut": null,
              "duration": 2875,
              "state": "passed",
              "speed": "fast",
              "pass": true,
              "fail": false,
              "pending": false,
              "context": null,
              "code": "cy.visit('/');\ncy.get('input[placeholder=\"Username\"]').type(\"Admin\");\ncy.get('input[placeholder=\"Password\"]').type(\"admin1235\");\ncy.get('button[type=\"submit\"]').click({\n  force: true\n});\n// Use the \"should\" command to assert element visibility\ncy.get('div[role=\"alert\"]') // Replace '.element-selector' with the actual selector of the element\n.should('be.visible'); // Use 'be.visible' to assert that the element is visible",
              "err": {},
              "uuid": "61872aa9-bbbf-4ade-804a-fc1ce7a06388",
              "parentUUID": "eec422f5-aafc-44b0-bf39-077bd915d43e",
              "isHook": false,
              "skipped": false
            },
            {
              "title": "Login Forgot your password link navigation is working",
              "fullTitle": "Login page orange Login Forgot your password link navigation is working",
              "timedOut": null,
              "duration": 1549,
              "state": "passed",
              "speed": "fast",
              "pass": true,
              "fail": false,
              "pending": false,
              "context": null,
              "code": "cy.visit('/');\ncy.get('.oxd-text.oxd-text--p.orangehrm-login-forgot-header').click({\n  force: true\n});\n// Use the \"should\" command to assert element visibility\ncy.get('button[type=\"button\"]') // Replace '.element-selector' with the actual selector of the element\n.should('be.visible');",
              "err": {},
              "uuid": "c95fe05c-0f2e-462e-9658-3477e9194b35",
              "parentUUID": "eec422f5-aafc-44b0-bf39-077bd915d43e",
              "isHook": false,
              "skipped": false
            }
          ],
          "suites": [],
          "passes": [
            "ad3d8135-ac35-4081-afbf-69d6fbb60f18",
            "61872aa9-bbbf-4ade-804a-fc1ce7a06388",
            "c95fe05c-0f2e-462e-9658-3477e9194b35"
          ],
          "failures": [],
          "pending": [],
          "skipped": [],
          "duration": 7612,
          "root": false,
          "rootEmpty": false,
          "_timeout": 2000
        }
      ],
      "passes": [],
      "failures": [],
      "pending": [],
      "skipped": [],
      "duration": 0,
      "root": true,
      "rootEmpty": true,
      "_timeout": 2000
    },
    {
      "uuid": "ac568fba-f140-4f98-b6ef-50bbac1e3abd",
      "title": "",
      "fullFile": "cypress\\e2e\\spec.cy.js",
      "file": "cypress\\e2e\\spec.cy.js",
      "beforeHooks": [],
      "afterHooks": [],
      "tests": [],
      "suites": [
        {
          "uuid": "44904c4b-e5fc-4d7f-b985-31a176b6cf34",
          "title": "template spec",
          "fullFile": "",
          "file": "",
          "beforeHooks": [],
          "afterHooks": [],
          "tests": [
            {
              "title": "passes",
              "fullTitle": "template spec passes",
              "timedOut": null,
              "duration": 782,
              "state": "passed",
              "speed": "fast",
              "pass": true,
              "fail": false,
              "pending": false,
              "context": null,
              "code": "cy.visit('https://example.cypress.io');",
              "err": {},
              "uuid": "6feb9699-1583-4247-8b1f-f3854bb14025",
              "parentUUID": "44904c4b-e5fc-4d7f-b985-31a176b6cf34",
              "isHook": false,
              "skipped": false
            }
          ],
          "suites": [],
          "passes": [
            "6feb9699-1583-4247-8b1f-f3854bb14025"
          ],
          "failures": [],
          "pending": [],
          "skipped": [],
          "duration": 782,
          "root": false,
          "rootEmpty": false,
          "_timeout": 2000
        }
      ],
      "passes": [],
      "failures": [],
      "pending": [],
      "skipped": [],
      "duration": 0,
      "root": true,
      "rootEmpty": true,
      "_timeout": 2000
    },
    {
      "uuid": "36e806fa-5b61-4018-bc90-201bba75f2d4",
      "title": "",
      "fullFile": "cypress\\e2e\\Buzz.cy.js",
      "file": "cypress\\e2e\\Buzz.cy.js",
      "beforeHooks": [],
      "afterHooks": [],
      "tests": [],
      "suites": [
        {
          "uuid": "c748db77-26f4-4602-bbec-1bd82263f2ee",
          "title": "Buzz Tests on Orange HRM Application",
          "fullFile": "",
          "file": "",
          "beforeHooks": [],
          "afterHooks": [],
          "tests": [
            {
              "title": "Verify user able to post in newsfeed of Buzz Module",
              "fullTitle": "Buzz Tests on Orange HRM Application Verify user able to post in newsfeed of Buzz Module",
              "timedOut": null,
              "duration": 10388,
              "state": "passed",
              "speed": "slow",
              "pass": true,
              "fail": false,
              "pending": false,
              "context": null,
              "code": "cy.get('textarea').should('be.visible').type('\"Hey My first post, Whats on your mind\"');\ncy.get('button[type=\"submit\"]').click({\n  force: true\n});\ncy.get('.oxd-toast-content.oxd-toast-content--success').should('be.visible').contains('Successfully Saved');",
              "err": {},
              "uuid": "48535947-48b8-40d9-bae2-1dbf6b2abae5",
              "parentUUID": "c748db77-26f4-4602-bbec-1bd82263f2ee",
              "isHook": false,
              "skipped": false
            }
          ],
          "suites": [],
          "passes": [
            "48535947-48b8-40d9-bae2-1dbf6b2abae5"
          ],
          "failures": [],
          "pending": [],
          "skipped": [],
          "duration": 10388,
          "root": false,
          "rootEmpty": false,
          "_timeout": 2000
        }
      ],
      "passes": [],
      "failures": [],
      "pending": [],
      "skipped": [],
      "duration": 0,
      "root": true,
      "rootEmpty": true,
      "_timeout": 2000
    },
    {
      "uuid": "9bdb916f-ff67-4094-9357-03a5118418dd",
      "title": "",
      "fullFile": "cypress\\e2e\\IDdash.cy.js",
      "file": "cypress\\e2e\\IDdash.cy.js",
      "beforeHooks": [],
      "afterHooks": [],
      "tests": [],
      "suites": [
        {
          "uuid": "a27eeb4d-f5b7-4d53-b6de-fbd5d62f9037",
          "title": "Dasboard Tests on Orange HRM Application",
          "fullFile": "",
          "file": "",
          "beforeHooks": [],
          "afterHooks": [],
          "tests": [
            {
              "title": "Verify hyperlinks are not broken on Dashboard Page",
              "fullTitle": "Dasboard Tests on Orange HRM Application Verify hyperlinks are not broken on Dashboard Page",
              "timedOut": null,
              "duration": 17628,
              "state": "passed",
              "speed": "slow",
              "pass": true,
              "fail": false,
              "pending": false,
              "context": null,
              "code": "cy.fetchAndLogLinks();\ncy.screenshot(); //taking a screenshot with command",
              "err": {},
              "uuid": "b37de22f-131b-46d6-b8c5-1e898e53025d",
              "parentUUID": "a27eeb4d-f5b7-4d53-b6de-fbd5d62f9037",
              "isHook": false,
              "skipped": false
            },
            {
              "title": "Verify Images are not broken on Dashboard Page",
              "fullTitle": "Dasboard Tests on Orange HRM Application Verify Images are not broken on Dashboard Page",
              "timedOut": null,
              "duration": 4947,
              "state": "passed",
              "speed": "fast",
              "pass": true,
              "fail": false,
              "pending": false,
              "context": null,
              "code": "cy.checkImages();\ncy.screenshot('dashboard/imageNotBroken/'); // taking the screenshot and saving it to a particular location.",
              "err": {},
              "uuid": "6e34c58d-dfe8-482c-83f0-67a9f0508784",
              "parentUUID": "a27eeb4d-f5b7-4d53-b6de-fbd5d62f9037",
              "isHook": false,
              "skipped": false
            },
            {
              "title": "Verify Screenshot taken by failed case at assertion on dashboard page",
              "fullTitle": "Dasboard Tests on Orange HRM Application Verify Screenshot taken by failed case at assertion on dashboard page",
              "timedOut": null,
              "duration": 6900,
              "state": "failed",
              "speed": null,
              "pass": false,
              "fail": true,
              "pending": false,
              "context": null,
              "code": "// purposefully failing the test, so that cypress can take screenshot from config attribute.\ncy.get('.oxd-userdropdown').should('contain', 'manda user');",
              "err": {
                "message": "AssertionError: Timed out retrying after 4000ms: expected '<li.oxd-userdropdown>' to contain 'manda user'",
                "estack": "AssertionError: Timed out retrying after 4000ms: expected '<li.oxd-userdropdown>' to contain 'manda user'\n    at Context.eval (webpack://mon-projet-cypress/./cypress/e2e/IDdash.cy.js:20:7)",
                "diff": null
              },
              "uuid": "b8734b1b-ec97-4949-b139-8daaf5f4a99f",
              "parentUUID": "a27eeb4d-f5b7-4d53-b6de-fbd5d62f9037",
              "isHook": false,
              "skipped": false
            }
          ],
          "suites": [],
          "passes": [
            "b37de22f-131b-46d6-b8c5-1e898e53025d",
            "6e34c58d-dfe8-482c-83f0-67a9f0508784"
          ],
          "failures": [
            "b8734b1b-ec97-4949-b139-8daaf5f4a99f"
          ],
          "pending": [],
          "skipped": [],
          "duration": 29475,
          "root": false,
          "rootEmpty": false,
          "_timeout": 2000
        }
      ],
      "passes": [],
      "failures": [],
      "pending": [],
      "skipped": [],
      "duration": 0,
      "root": true,
      "rootEmpty": true,
      "_timeout": 2000
    },
    {
      "uuid": "cde53593-693b-4a70-a447-0baf0208e844",
      "title": "",
      "fullFile": "cypress\\e2e\\OrangeLogin.cy.js",
      "file": "cypress\\e2e\\OrangeLogin.cy.js",
      "beforeHooks": [],
      "afterHooks": [],
      "tests": [],
      "suites": [
        {
          "uuid": "f0e3690b-995b-4610-b9ae-84b1be23f864",
          "title": "Login page orange",
          "fullFile": "",
          "file": "",
          "beforeHooks": [],
          "afterHooks": [],
          "tests": [
            {
              "title": "Verfify login working",
              "fullTitle": "Login page orange Verfify login working",
              "timedOut": null,
              "duration": 3384,
              "state": "passed",
              "speed": "fast",
              "pass": true,
              "fail": false,
              "pending": false,
              "context": null,
              "code": "cy.visit('/');\ncy.get('input[name=\"username\"]').type(\"Admin\");\ncy.get('input[name=\"password\"]').type(\"admin123\");\ncy.get('button[type=\"submit\"]').click();\ncy.get('.oxd-userdropdown').should('be.visible');",
              "err": {},
              "uuid": "5c62fb79-a828-446f-93c6-c5891a37c6e5",
              "parentUUID": "f0e3690b-995b-4610-b9ae-84b1be23f864",
              "isHook": false,
              "skipped": false
            },
            {
              "title": "Verify Login to the HRM App with invalid credentials",
              "fullTitle": "Login page orange Verify Login to the HRM App with invalid credentials",
              "timedOut": null,
              "duration": 2439,
              "state": "passed",
              "speed": "fast",
              "pass": true,
              "fail": false,
              "pending": false,
              "context": null,
              "code": "cy.visit('/');\ncy.get('input[placeholder=\"Username\"]').type(\"Admin\");\ncy.get('input[placeholder=\"Password\"]').type(\"admin1235\");\ncy.get('button[type=\"submit\"]').click({\n  force: true\n});\n// Use the \"should\" command to assert element visibility\ncy.get('div[role=\"alert\"]') // Replace '.element-selector' with the actual selector of the element\n.should('be.visible'); // Use 'be.visible' to assert that the element is visible",
              "err": {},
              "uuid": "5282ee08-0215-41c8-931e-291e65606028",
              "parentUUID": "f0e3690b-995b-4610-b9ae-84b1be23f864",
              "isHook": false,
              "skipped": false
            },
            {
              "title": "Login Forgot your password link navigation is working",
              "fullTitle": "Login page orange Login Forgot your password link navigation is working",
              "timedOut": null,
              "duration": 2128,
              "state": "passed",
              "speed": "fast",
              "pass": true,
              "fail": false,
              "pending": false,
              "context": null,
              "code": "cy.visit('/');\ncy.get('.oxd-text.oxd-text--p.orangehrm-login-forgot-header').click({\n  force: true\n});\n// Use the \"should\" command to assert element visibility\ncy.get('button[type=\"button\"]') // Replace '.element-selector' with the actual selector of the element\n.should('be.visible');",
              "err": {},
              "uuid": "73c737fe-ed0f-4626-b39d-f89624a698fd",
              "parentUUID": "f0e3690b-995b-4610-b9ae-84b1be23f864",
              "isHook": false,
              "skipped": false
            }
          ],
          "suites": [],
          "passes": [
            "5c62fb79-a828-446f-93c6-c5891a37c6e5",
            "5282ee08-0215-41c8-931e-291e65606028",
            "73c737fe-ed0f-4626-b39d-f89624a698fd"
          ],
          "failures": [],
          "pending": [],
          "skipped": [],
          "duration": 7951,
          "root": false,
          "rootEmpty": false,
          "_timeout": 2000
        }
      ],
      "passes": [],
      "failures": [],
      "pending": [],
      "skipped": [],
      "duration": 0,
      "root": true,
      "rootEmpty": true,
      "_timeout": 2000
    },
    {
      "uuid": "4718a5ea-0ee5-4cef-8212-aaad189dad01",
      "title": "",
      "fullFile": "cypress\\e2e\\spec.cy.js",
      "file": "cypress\\e2e\\spec.cy.js",
      "beforeHooks": [],
      "afterHooks": [],
      "tests": [],
      "suites": [
        {
          "uuid": "c6155244-85df-43bd-a499-a00fa4159071",
          "title": "template spec",
          "fullFile": "",
          "file": "",
          "beforeHooks": [],
          "afterHooks": [],
          "tests": [
            {
              "title": "passes",
              "fullTitle": "template spec passes",
              "timedOut": null,
              "duration": 1059,
              "state": "passed",
              "speed": "fast",
              "pass": true,
              "fail": false,
              "pending": false,
              "context": null,
              "code": "cy.visit('https://example.cypress.io');",
              "err": {},
              "uuid": "e5a7a14c-897f-40da-9c51-c716788283aa",
              "parentUUID": "c6155244-85df-43bd-a499-a00fa4159071",
              "isHook": false,
              "skipped": false
            }
          ],
          "suites": [],
          "passes": [
            "e5a7a14c-897f-40da-9c51-c716788283aa"
          ],
          "failures": [],
          "pending": [],
          "skipped": [],
          "duration": 1059,
          "root": false,
          "rootEmpty": false,
          "_timeout": 2000
        }
      ],
      "passes": [],
      "failures": [],
      "pending": [],
      "skipped": [],
      "duration": 0,
      "root": true,
      "rootEmpty": true,
      "_timeout": 2000
    },
    {
      "uuid": "f8c23d3f-85ca-4d4a-b08a-b305b609a131",
      "title": "",
      "fullFile": "cypress\\e2e\\Buzz.cy.js",
      "file": "cypress\\e2e\\Buzz.cy.js",
      "beforeHooks": [],
      "afterHooks": [],
      "tests": [],
      "suites": [
        {
          "uuid": "d6a6f4e9-e6fe-4e8b-8618-820afaa15ba4",
          "title": "Buzz Tests on Orange HRM Application",
          "fullFile": "",
          "file": "",
          "beforeHooks": [],
          "afterHooks": [],
          "tests": [
            {
              "title": "Verify user able to post in newsfeed of Buzz Module",
              "fullTitle": "Buzz Tests on Orange HRM Application Verify user able to post in newsfeed of Buzz Module",
              "timedOut": null,
              "duration": 10434,
              "state": "failed",
              "speed": null,
              "pass": false,
              "fail": true,
              "pending": false,
              "context": null,
              "code": "cy.get('textarea').should('be.visible').type('\"Hey My first post, Whats on your mind\"');\ncy.get('button[type=\"submit\"]').click({\n  force: true\n});\ncy.get('.oxd-toast-content.oxd-toast-content--success').should('be.visible').contains('Successfully Saved');",
              "err": {
                "message": "AssertionError: Timed out retrying after 4000ms: Expected to find element: `.oxd-toast-content.oxd-toast-content--success`, but never found it.",
                "estack": "AssertionError: Timed out retrying after 4000ms: Expected to find element: `.oxd-toast-content.oxd-toast-content--success`, but never found it.\n    at Context.eval (webpack://mon-projet-cypress/./cypress/e2e/Buzz.cy.js:17:9)",
                "diff": null
              },
              "uuid": "84427753-0a3e-4676-8de6-9c4fc7e016a5",
              "parentUUID": "d6a6f4e9-e6fe-4e8b-8618-820afaa15ba4",
              "isHook": false,
              "skipped": false
            }
          ],
          "suites": [],
          "passes": [],
          "failures": [
            "84427753-0a3e-4676-8de6-9c4fc7e016a5"
          ],
          "pending": [],
          "skipped": [],
          "duration": 10434,
          "root": false,
          "rootEmpty": false,
          "_timeout": 2000
        }
      ],
      "passes": [],
      "failures": [],
      "pending": [],
      "skipped": [],
      "duration": 0,
      "root": true,
      "rootEmpty": true,
      "_timeout": 2000
    },
    {
      "uuid": "f2aa14d4-c55b-4681-9686-633a0e1dd006",
      "title": "",
      "fullFile": "cypress\\e2e\\IDdash.cy.js",
      "file": "cypress\\e2e\\IDdash.cy.js",
      "beforeHooks": [],
      "afterHooks": [],
      "tests": [],
      "suites": [
        {
          "uuid": "37b92443-fc59-4f4c-8276-d50cf11bed95",
          "title": "Dasboard Tests on Orange HRM Application",
          "fullFile": "",
          "file": "",
          "beforeHooks": [],
          "afterHooks": [],
          "tests": [
            {
              "title": "Verify hyperlinks are not broken on Dashboard Page",
              "fullTitle": "Dasboard Tests on Orange HRM Application Verify hyperlinks are not broken on Dashboard Page",
              "timedOut": null,
              "duration": 14231,
              "state": "passed",
              "speed": "slow",
              "pass": true,
              "fail": false,
              "pending": false,
              "context": null,
              "code": "cy.fetchAndLogLinks();\ncy.screenshot(); //taking a screenshot with command",
              "err": {},
              "uuid": "2365544f-b420-4acb-af64-be1e67a7425d",
              "parentUUID": "37b92443-fc59-4f4c-8276-d50cf11bed95",
              "isHook": false,
              "skipped": false
            },
            {
              "title": "Verify Images are not broken on Dashboard Page",
              "fullTitle": "Dasboard Tests on Orange HRM Application Verify Images are not broken on Dashboard Page",
              "timedOut": null,
              "duration": 5504,
              "state": "passed",
              "speed": "medium",
              "pass": true,
              "fail": false,
              "pending": false,
              "context": null,
              "code": "cy.checkImages();\ncy.screenshot('dashboard/imageNotBroken/'); // taking the screenshot and saving it to a particular location.",
              "err": {},
              "uuid": "f282816d-b669-4237-be90-b3bfd2575593",
              "parentUUID": "37b92443-fc59-4f4c-8276-d50cf11bed95",
              "isHook": false,
              "skipped": false
            },
            {
              "title": "Verify Screenshot taken by failed case at assertion on dashboard page",
              "fullTitle": "Dasboard Tests on Orange HRM Application Verify Screenshot taken by failed case at assertion on dashboard page",
              "timedOut": null,
              "duration": 6833,
              "state": "failed",
              "speed": null,
              "pass": false,
              "fail": true,
              "pending": false,
              "context": null,
              "code": "// purposefully failing the test, so that cypress can take screenshot from config attribute.\ncy.get('.oxd-userdropdown').should('contain', 'manda user');",
              "err": {
                "message": "AssertionError: Timed out retrying after 4000ms: expected '<li.oxd-userdropdown>' to contain 'manda user'",
                "estack": "AssertionError: Timed out retrying after 4000ms: expected '<li.oxd-userdropdown>' to contain 'manda user'\n    at Context.eval (webpack://mon-projet-cypress/./cypress/e2e/IDdash.cy.js:20:7)",
                "diff": null
              },
              "uuid": "480b5fa1-c874-4d11-a04e-ae4000ad4070",
              "parentUUID": "37b92443-fc59-4f4c-8276-d50cf11bed95",
              "isHook": false,
              "skipped": false
            }
          ],
          "suites": [],
          "passes": [
            "2365544f-b420-4acb-af64-be1e67a7425d",
            "f282816d-b669-4237-be90-b3bfd2575593"
          ],
          "failures": [
            "480b5fa1-c874-4d11-a04e-ae4000ad4070"
          ],
          "pending": [],
          "skipped": [],
          "duration": 26568,
          "root": false,
          "rootEmpty": false,
          "_timeout": 2000
        }
      ],
      "passes": [],
      "failures": [],
      "pending": [],
      "skipped": [],
      "duration": 0,
      "root": true,
      "rootEmpty": true,
      "_timeout": 2000
    },
    {
      "uuid": "9b1337c4-811c-4aed-9cab-85bc014f0ca0",
      "title": "",
      "fullFile": "cypress\\e2e\\OrangeLogin.cy.js",
      "file": "cypress\\e2e\\OrangeLogin.cy.js",
      "beforeHooks": [],
      "afterHooks": [],
      "tests": [],
      "suites": [
        {
          "uuid": "ec438da6-48bc-48a0-8ac6-d030c3e5ae90",
          "title": "Login page orange",
          "fullFile": "",
          "file": "",
          "beforeHooks": [],
          "afterHooks": [],
          "tests": [
            {
              "title": "Verfify login working",
              "fullTitle": "Login page orange Verfify login working",
              "timedOut": null,
              "duration": 3793,
              "state": "passed",
              "speed": "fast",
              "pass": true,
              "fail": false,
              "pending": false,
              "context": null,
              "code": "cy.visit('/');\ncy.get('input[name=\"username\"]').type(\"Admin\");\ncy.get('input[name=\"password\"]').type(\"admin123\");\ncy.get('button[type=\"submit\"]').click();\ncy.get('.oxd-userdropdown').should('be.visible');",
              "err": {},
              "uuid": "9f608435-a773-41de-b2f0-7fa2d0a3050b",
              "parentUUID": "ec438da6-48bc-48a0-8ac6-d030c3e5ae90",
              "isHook": false,
              "skipped": false
            },
            {
              "title": "Verify Login to the HRM App with invalid credentials",
              "fullTitle": "Login page orange Verify Login to the HRM App with invalid credentials",
              "timedOut": null,
              "duration": 2348,
              "state": "passed",
              "speed": "fast",
              "pass": true,
              "fail": false,
              "pending": false,
              "context": null,
              "code": "cy.visit('/');\ncy.get('input[placeholder=\"Username\"]').type(\"Admin\");\ncy.get('input[placeholder=\"Password\"]').type(\"admin1235\");\ncy.get('button[type=\"submit\"]').click({\n  force: true\n});\n// Use the \"should\" command to assert element visibility\ncy.get('div[role=\"alert\"]') // Replace '.element-selector' with the actual selector of the element\n.should('be.visible'); // Use 'be.visible' to assert that the element is visible",
              "err": {},
              "uuid": "b5bbf65c-144a-4426-a650-a606968d5415",
              "parentUUID": "ec438da6-48bc-48a0-8ac6-d030c3e5ae90",
              "isHook": false,
              "skipped": false
            },
            {
              "title": "Login Forgot your password link navigation is working",
              "fullTitle": "Login page orange Login Forgot your password link navigation is working",
              "timedOut": null,
              "duration": 1325,
              "state": "passed",
              "speed": "fast",
              "pass": true,
              "fail": false,
              "pending": false,
              "context": null,
              "code": "cy.visit('/');\ncy.get('.oxd-text.oxd-text--p.orangehrm-login-forgot-header').click({\n  force: true\n});\n// Use the \"should\" command to assert element visibility\ncy.get('button[type=\"button\"]') // Replace '.element-selector' with the actual selector of the element\n.should('be.visible');",
              "err": {},
              "uuid": "37f0b655-df51-4e52-bb37-d3087ae6852a",
              "parentUUID": "ec438da6-48bc-48a0-8ac6-d030c3e5ae90",
              "isHook": false,
              "skipped": false
            }
          ],
          "suites": [],
          "passes": [
            "9f608435-a773-41de-b2f0-7fa2d0a3050b",
            "b5bbf65c-144a-4426-a650-a606968d5415",
            "37f0b655-df51-4e52-bb37-d3087ae6852a"
          ],
          "failures": [],
          "pending": [],
          "skipped": [],
          "duration": 7466,
          "root": false,
          "rootEmpty": false,
          "_timeout": 2000
        }
      ],
      "passes": [],
      "failures": [],
      "pending": [],
      "skipped": [],
      "duration": 0,
      "root": true,
      "rootEmpty": true,
      "_timeout": 2000
    },
    {
      "uuid": "da5b3224-198f-49db-a109-98c70ff909aa",
      "title": "",
      "fullFile": "cypress\\e2e\\spec.cy.js",
      "file": "cypress\\e2e\\spec.cy.js",
      "beforeHooks": [],
      "afterHooks": [],
      "tests": [],
      "suites": [
        {
          "uuid": "6a0eb0d4-1c95-422c-b00a-2048a1834166",
          "title": "template spec",
          "fullFile": "",
          "file": "",
          "beforeHooks": [],
          "afterHooks": [],
          "tests": [
            {
              "title": "passes",
              "fullTitle": "template spec passes",
              "timedOut": null,
              "duration": 1240,
              "state": "passed",
              "speed": "fast",
              "pass": true,
              "fail": false,
              "pending": false,
              "context": null,
              "code": "cy.visit('https://example.cypress.io');",
              "err": {},
              "uuid": "b7671291-2d95-4e82-a715-81655405e11e",
              "parentUUID": "6a0eb0d4-1c95-422c-b00a-2048a1834166",
              "isHook": false,
              "skipped": false
            }
          ],
          "suites": [],
          "passes": [
            "b7671291-2d95-4e82-a715-81655405e11e"
          ],
          "failures": [],
          "pending": [],
          "skipped": [],
          "duration": 1240,
          "root": false,
          "rootEmpty": false,
          "_timeout": 2000
        }
      ],
      "passes": [],
      "failures": [],
      "pending": [],
      "skipped": [],
      "duration": 0,
      "root": true,
      "rootEmpty": true,
      "_timeout": 2000
    },
    {
      "uuid": "b83e915c-8378-468e-aa57-339f15dee193",
      "title": "",
      "fullFile": "cypress\\e2e\\Buzz.cy.js",
      "file": "cypress\\e2e\\Buzz.cy.js",
      "beforeHooks": [],
      "afterHooks": [],
      "tests": [],
      "suites": [
        {
          "uuid": "b472752b-e88b-4e93-afa4-1ad5642b7ac6",
          "title": "Buzz Tests on Orange HRM Application",
          "fullFile": "",
          "file": "",
          "beforeHooks": [],
          "afterHooks": [],
          "tests": [
            {
              "title": "Verify user able to post in newsfeed of Buzz Module",
              "fullTitle": "Buzz Tests on Orange HRM Application Verify user able to post in newsfeed of Buzz Module",
              "timedOut": null,
              "duration": 10216,
              "state": "failed",
              "speed": null,
              "pass": false,
              "fail": true,
              "pending": false,
              "context": null,
              "code": "cy.get('textarea').should('be.visible').type('\"Hey My first post, Whats on your mind\"');\ncy.get('button[type=\"submit\"]').click({\n  force: true\n});\ncy.get('.oxd-toast-content.oxd-toast-content--success').should('be.visible').contains('Successfully Saved');",
              "err": {
                "message": "AssertionError: Timed out retrying after 4000ms: Expected to find element: `.oxd-toast-content.oxd-toast-content--success`, but never found it.",
                "estack": "AssertionError: Timed out retrying after 4000ms: Expected to find element: `.oxd-toast-content.oxd-toast-content--success`, but never found it.\n    at Context.eval (webpack://mon-projet-cypress/./cypress/e2e/Buzz.cy.js:17:9)",
                "diff": null
              },
              "uuid": "ebb06f42-9ea4-4796-8c93-be92cceb2cc6",
              "parentUUID": "b472752b-e88b-4e93-afa4-1ad5642b7ac6",
              "isHook": false,
              "skipped": false
            }
          ],
          "suites": [],
          "passes": [],
          "failures": [
            "ebb06f42-9ea4-4796-8c93-be92cceb2cc6"
          ],
          "pending": [],
          "skipped": [],
          "duration": 10216,
          "root": false,
          "rootEmpty": false,
          "_timeout": 2000
        }
      ],
      "passes": [],
      "failures": [],
      "pending": [],
      "skipped": [],
      "duration": 0,
      "root": true,
      "rootEmpty": true,
      "_timeout": 2000
    },
    {
      "uuid": "ca719060-ed95-4e69-bf9b-02c226a98224",
      "title": "",
      "fullFile": "cypress\\e2e\\IDdash.cy.js",
      "file": "cypress\\e2e\\IDdash.cy.js",
      "beforeHooks": [],
      "afterHooks": [],
      "tests": [],
      "suites": [
        {
          "uuid": "c98d15c5-c9d4-4a41-90a4-70b5f13b13d3",
          "title": "Dasboard Tests on Orange HRM Application",
          "fullFile": "",
          "file": "",
          "beforeHooks": [],
          "afterHooks": [],
          "tests": [
            {
              "title": "Verify hyperlinks are not broken on Dashboard Page",
              "fullTitle": "Dasboard Tests on Orange HRM Application Verify hyperlinks are not broken on Dashboard Page",
              "timedOut": null,
              "duration": 13447,
              "state": "passed",
              "speed": "slow",
              "pass": true,
              "fail": false,
              "pending": false,
              "context": null,
              "code": "cy.fetchAndLogLinks();\ncy.screenshot(); //taking a screenshot with command",
              "err": {},
              "uuid": "1c19f6d1-11cd-45e9-a20b-145012474a43",
              "parentUUID": "c98d15c5-c9d4-4a41-90a4-70b5f13b13d3",
              "isHook": false,
              "skipped": false
            },
            {
              "title": "Verify Images are not broken on Dashboard Page",
              "fullTitle": "Dasboard Tests on Orange HRM Application Verify Images are not broken on Dashboard Page",
              "timedOut": null,
              "duration": 4829,
              "state": "passed",
              "speed": "fast",
              "pass": true,
              "fail": false,
              "pending": false,
              "context": null,
              "code": "cy.checkImages();\ncy.screenshot('dashboard/imageNotBroken/'); // taking the screenshot and saving it to a particular location.",
              "err": {},
              "uuid": "91ca95ea-3bf8-4f3a-98f1-083983374302",
              "parentUUID": "c98d15c5-c9d4-4a41-90a4-70b5f13b13d3",
              "isHook": false,
              "skipped": false
            },
            {
              "title": "Verify Screenshot taken by failed case at assertion on dashboard page",
              "fullTitle": "Dasboard Tests on Orange HRM Application Verify Screenshot taken by failed case at assertion on dashboard page",
              "timedOut": null,
              "duration": 6692,
              "state": "failed",
              "speed": null,
              "pass": false,
              "fail": true,
              "pending": false,
              "context": null,
              "code": "// purposefully failing the test, so that cypress can take screenshot from config attribute.\ncy.get('.oxd-userdropdown').should('contain', 'manda user');",
              "err": {
                "message": "AssertionError: Timed out retrying after 4000ms: expected '<li.oxd-userdropdown>' to contain 'manda user'",
                "estack": "AssertionError: Timed out retrying after 4000ms: expected '<li.oxd-userdropdown>' to contain 'manda user'\n    at Context.eval (webpack://mon-projet-cypress/./cypress/e2e/IDdash.cy.js:20:7)",
                "diff": null
              },
              "uuid": "8717d066-aa24-43da-9fb1-767f95754d24",
              "parentUUID": "c98d15c5-c9d4-4a41-90a4-70b5f13b13d3",
              "isHook": false,
              "skipped": false
            }
          ],
          "suites": [],
          "passes": [
            "1c19f6d1-11cd-45e9-a20b-145012474a43",
            "91ca95ea-3bf8-4f3a-98f1-083983374302"
          ],
          "failures": [
            "8717d066-aa24-43da-9fb1-767f95754d24"
          ],
          "pending": [],
          "skipped": [],
          "duration": 24968,
          "root": false,
          "rootEmpty": false,
          "_timeout": 2000
        }
      ],
      "passes": [],
      "failures": [],
      "pending": [],
      "skipped": [],
      "duration": 0,
      "root": true,
      "rootEmpty": true,
      "_timeout": 2000
    },
    {
      "uuid": "da8f8472-b70f-45c0-b2a3-2d874b20877d",
      "title": "",
      "fullFile": "cypress\\e2e\\OrangeLogin.cy.js",
      "file": "cypress\\e2e\\OrangeLogin.cy.js",
      "beforeHooks": [],
      "afterHooks": [],
      "tests": [],
      "suites": [
        {
          "uuid": "d4876148-0156-44cd-b1c8-74d0b087c5e6",
          "title": "Login page orange",
          "fullFile": "",
          "file": "",
          "beforeHooks": [],
          "afterHooks": [],
          "tests": [
            {
              "title": "Verfify login working",
              "fullTitle": "Login page orange Verfify login working",
              "timedOut": null,
              "duration": 3436,
              "state": "passed",
              "speed": "fast",
              "pass": true,
              "fail": false,
              "pending": false,
              "context": null,
              "code": "cy.visit('/');\ncy.get('input[name=\"username\"]').type(\"Admin\");\ncy.get('input[name=\"password\"]').type(\"admin123\");\ncy.get('button[type=\"submit\"]').click();\ncy.get('.oxd-userdropdown').should('be.visible');",
              "err": {},
              "uuid": "e5066b8d-72d7-4a51-9fe6-af71c4008ed2",
              "parentUUID": "d4876148-0156-44cd-b1c8-74d0b087c5e6",
              "isHook": false,
              "skipped": false
            },
            {
              "title": "Verify Login to the HRM App with invalid credentials",
              "fullTitle": "Login page orange Verify Login to the HRM App with invalid credentials",
              "timedOut": null,
              "duration": 2462,
              "state": "passed",
              "speed": "fast",
              "pass": true,
              "fail": false,
              "pending": false,
              "context": null,
              "code": "cy.visit('/');\ncy.get('input[placeholder=\"Username\"]').type(\"Admin\");\ncy.get('input[placeholder=\"Password\"]').type(\"admin1235\");\ncy.get('button[type=\"submit\"]').click({\n  force: true\n});\n// Use the \"should\" command to assert element visibility\ncy.get('div[role=\"alert\"]') // Replace '.element-selector' with the actual selector of the element\n.should('be.visible'); // Use 'be.visible' to assert that the element is visible",
              "err": {},
              "uuid": "f601de03-2521-45e8-83b5-ea37c11b73c5",
              "parentUUID": "d4876148-0156-44cd-b1c8-74d0b087c5e6",
              "isHook": false,
              "skipped": false
            },
            {
              "title": "Login Forgot your password link navigation is working",
              "fullTitle": "Login page orange Login Forgot your password link navigation is working",
              "timedOut": null,
              "duration": 1387,
              "state": "passed",
              "speed": "fast",
              "pass": true,
              "fail": false,
              "pending": false,
              "context": null,
              "code": "cy.visit('/');\ncy.get('.oxd-text.oxd-text--p.orangehrm-login-forgot-header').click({\n  force: true\n});\n// Use the \"should\" command to assert element visibility\ncy.get('button[type=\"button\"]') // Replace '.element-selector' with the actual selector of the element\n.should('be.visible');",
              "err": {},
              "uuid": "7cf919e6-f0f7-4ca2-b0e1-62978a489e21",
              "parentUUID": "d4876148-0156-44cd-b1c8-74d0b087c5e6",
              "isHook": false,
              "skipped": false
            }
          ],
          "suites": [],
          "passes": [
            "e5066b8d-72d7-4a51-9fe6-af71c4008ed2",
            "f601de03-2521-45e8-83b5-ea37c11b73c5",
            "7cf919e6-f0f7-4ca2-b0e1-62978a489e21"
          ],
          "failures": [],
          "pending": [],
          "skipped": [],
          "duration": 7285,
          "root": false,
          "rootEmpty": false,
          "_timeout": 2000
        }
      ],
      "passes": [],
      "failures": [],
      "pending": [],
      "skipped": [],
      "duration": 0,
      "root": true,
      "rootEmpty": true,
      "_timeout": 2000
    },
    {
      "uuid": "4e1aa355-cf3c-412b-8172-84a11008550b",
      "title": "",
      "fullFile": "cypress\\e2e\\spec.cy.js",
      "file": "cypress\\e2e\\spec.cy.js",
      "beforeHooks": [],
      "afterHooks": [],
      "tests": [],
      "suites": [
        {
          "uuid": "9280d88f-6622-4317-a19a-dba8ee686eb3",
          "title": "template spec",
          "fullFile": "",
          "file": "",
          "beforeHooks": [],
          "afterHooks": [],
          "tests": [
            {
              "title": "passes",
              "fullTitle": "template spec passes",
              "timedOut": null,
              "duration": 619,
              "state": "passed",
              "speed": "fast",
              "pass": true,
              "fail": false,
              "pending": false,
              "context": null,
              "code": "cy.visit('https://example.cypress.io');",
              "err": {},
              "uuid": "74413268-2372-4548-9f73-b0857af8ee71",
              "parentUUID": "9280d88f-6622-4317-a19a-dba8ee686eb3",
              "isHook": false,
              "skipped": false
            }
          ],
          "suites": [],
          "passes": [
            "74413268-2372-4548-9f73-b0857af8ee71"
          ],
          "failures": [],
          "pending": [],
          "skipped": [],
          "duration": 619,
          "root": false,
          "rootEmpty": false,
          "_timeout": 2000
        }
      ],
      "passes": [],
      "failures": [],
      "pending": [],
      "skipped": [],
      "duration": 0,
      "root": true,
      "rootEmpty": true,
      "_timeout": 2000
    }
  ],
  "meta": {
    "mocha": {
      "version": "7.0.1"
    },
    "mochawesome": {
      "options": {
        "quiet": false,
        "reportFilename": "mochawesome",
        "saveHtml": true,
        "saveJson": true,
        "consoleReporter": "spec",
        "useInlineDiffs": false,
        "code": true
      },
      "version": "7.1.3"
    },
    "marge": {
      "options": {
        "reportDir": "cypress/reports",
        "overwrite": false,
        "html": true,
        "json": true,
        "charts": true
      },
      "version": "6.2.0"
    }
  }
}