{
  "stats": {
    "suites": 1,
    "tests": 1,
    "passes": 1,
    "pending": 0,
    "failures": 0,
    "start": "2025-01-10T16:04:19.214Z",
    "end": "2025-01-10T16:04:25.861Z",
    "duration": 6647,
    "testsRegistered": 1,
    "passPercent": 100,
    "pendingPercent": 0,
    "other": 0,
    "hasOther": false,
    "skipped": 0,
    "hasSkipped": false
  },
  "results": [
    {
      "uuid": "0ed555d9-35c1-4301-b2c8-2f6be6b6cb70",
      "title": "",
      "fullFile": "cypress\\e2e\\Buzz.cy.js",
      "file": "cypress\\e2e\\Buzz.cy.js",
      "beforeHooks": [],
      "afterHooks": [],
      "tests": [],
      "suites": [
        {
          "uuid": "374dbd3a-76cb-4949-8358-dfa7e9e023f4",
          "title": "Buzz Tests on Orange HRM Application",
          "fullFile": "",
          "file": "",
          "beforeHooks": [],
          "afterHooks": [],
          "tests": [
            {
              "title": "Verify user able to post in newsfeed of Buzz Module",
              "fullTitle": "Buzz Tests on Orange HRM Application Verify user able to post in newsfeed of Buzz Module",
              "timedOut": null,
              "duration": 6605,
              "state": "passed",
              "speed": "medium",
              "pass": true,
              "fail": false,
              "pending": false,
              "context": null,
              "code": "cy.get('textarea').should('be.visible').type('\"Hey My first post, Whats on your mind\"');\ncy.get('button[type=\"submit\"]').click({\n  force: true\n});\ncy.get('.oxd-toast-content.oxd-toast-content--success').should('be.visible').contains('Successfully Saved');",
              "err": {},
              "uuid": "2daee7b7-0a1c-4dca-924b-842872f2ac0d",
              "parentUUID": "374dbd3a-76cb-4949-8358-dfa7e9e023f4",
              "isHook": false,
              "skipped": false
            }
          ],
          "suites": [],
          "passes": [
            "2daee7b7-0a1c-4dca-924b-842872f2ac0d"
          ],
          "failures": [],
          "pending": [],
          "skipped": [],
          "duration": 6605,
          "root": false,
          "rootEmpty": false,
          "_timeout": 2000
        }
      ],
      "passes": [],
      "failures": [],
      "pending": [],
      "skipped": [],
      "duration": 0,
      "root": true,
      "rootEmpty": true,
      "_timeout": 2000
    }
  ],
  "meta": {
    "mocha": {
      "version": "7.0.1"
    },
    "mochawesome": {
      "options": {
        "quiet": false,
        "reportFilename": "mochawesome",
        "saveHtml": true,
        "saveJson": true,
        "consoleReporter": "spec",
        "useInlineDiffs": false,
        "code": true
      },
      "version": "7.1.3"
    },
    "marge": {
      "options": {
        "reportDir": "cypress/reports",
        "overwrite": false,
        "html": true,
        "json": true,
        "charts": true
      },
      "version": "6.2.0"
    }
  }
}