{
  "stats": {
    "suites": 1,
    "tests": 3,
    "passes": 2,
    "pending": 0,
    "failures": 1,
    "start": "2025-01-11T13:31:21.380Z",
    "end": "2025-01-11T13:31:50.995Z",
    "duration": 29615,
    "testsRegistered": 3,
    "passPercent": 66.66666666666666,
    "pendingPercent": 0,
    "other": 0,
    "hasOther": false,
    "skipped": 0,
    "hasSkipped": false
  },
  "results": [
    {
      "uuid": "9bdb916f-ff67-4094-9357-03a5118418dd",
      "title": "",
      "fullFile": "cypress\\e2e\\IDdash.cy.js",
      "file": "cypress\\e2e\\IDdash.cy.js",
      "beforeHooks": [],
      "afterHooks": [],
      "tests": [],
      "suites": [
        {
          "uuid": "a27eeb4d-f5b7-4d53-b6de-fbd5d62f9037",
          "title": "Dasboard Tests on Orange HRM Application",
          "fullFile": "",
          "file": "",
          "beforeHooks": [],
          "afterHooks": [],
          "tests": [
            {
              "title": "Verify hyperlinks are not broken on Dashboard Page",
              "fullTitle": "Dasboard Tests on Orange HRM Application Verify hyperlinks are not broken on Dashboard Page",
              "timedOut": null,
              "duration": 17628,
              "state": "passed",
              "speed": "slow",
              "pass": true,
              "fail": false,
              "pending": false,
              "context": null,
              "code": "cy.fetchAndLogLinks();\ncy.screenshot(); //taking a screenshot with command",
              "err": {},
              "uuid": "b37de22f-131b-46d6-b8c5-1e898e53025d",
              "parentUUID": "a27eeb4d-f5b7-4d53-b6de-fbd5d62f9037",
              "isHook": false,
              "skipped": false
            },
            {
              "title": "Verify Images are not broken on Dashboard Page",
              "fullTitle": "Dasboard Tests on Orange HRM Application Verify Images are not broken on Dashboard Page",
              "timedOut": null,
              "duration": 4947,
              "state": "passed",
              "speed": "fast",
              "pass": true,
              "fail": false,
              "pending": false,
              "context": null,
              "code": "cy.checkImages();\ncy.screenshot('dashboard/imageNotBroken/'); // taking the screenshot and saving it to a particular location.",
              "err": {},
              "uuid": "6e34c58d-dfe8-482c-83f0-67a9f0508784",
              "parentUUID": "a27eeb4d-f5b7-4d53-b6de-fbd5d62f9037",
              "isHook": false,
              "skipped": false
            },
            {
              "title": "Verify Screenshot taken by failed case at assertion on dashboard page",
              "fullTitle": "Dasboard Tests on Orange HRM Application Verify Screenshot taken by failed case at assertion on dashboard page",
              "timedOut": null,
              "duration": 6900,
              "state": "failed",
              "speed": null,
              "pass": false,
              "fail": true,
              "pending": false,
              "context": null,
              "code": "// purposefully failing the test, so that cypress can take screenshot from config attribute.\ncy.get('.oxd-userdropdown').should('contain', 'manda user');",
              "err": {
                "message": "AssertionError: Timed out retrying after 4000ms: expected '<li.oxd-userdropdown>' to contain 'manda user'",
                "estack": "AssertionError: Timed out retrying after 4000ms: expected '<li.oxd-userdropdown>' to contain 'manda user'\n    at Context.eval (webpack://mon-projet-cypress/./cypress/e2e/IDdash.cy.js:20:7)",
                "diff": null
              },
              "uuid": "b8734b1b-ec97-4949-b139-8daaf5f4a99f",
              "parentUUID": "a27eeb4d-f5b7-4d53-b6de-fbd5d62f9037",
              "isHook": false,
              "skipped": false
            }
          ],
          "suites": [],
          "passes": [
            "b37de22f-131b-46d6-b8c5-1e898e53025d",
            "6e34c58d-dfe8-482c-83f0-67a9f0508784"
          ],
          "failures": [
            "b8734b1b-ec97-4949-b139-8daaf5f4a99f"
          ],
          "pending": [],
          "skipped": [],
          "duration": 29475,
          "root": false,
          "rootEmpty": false,
          "_timeout": 2000
        }
      ],
      "passes": [],
      "failures": [],
      "pending": [],
      "skipped": [],
      "duration": 0,
      "root": true,
      "rootEmpty": true,
      "_timeout": 2000
    }
  ],
  "meta": {
    "mocha": {
      "version": "7.0.1"
    },
    "mochawesome": {
      "options": {
        "quiet": false,
        "reportFilename": "mochawesome",
        "saveHtml": true,
        "saveJson": true,
        "consoleReporter": "spec",
        "useInlineDiffs": false,
        "code": true
      },
      "version": "7.1.3"
    },
    "marge": {
      "options": {
        "reportDir": "cypress/reports",
        "overwrite": false,
        "html": true,
        "json": true,
        "charts": true
      },
      "version": "6.2.0"
    }
  }
}