{
  "stats": {
    "suites": 1,
    "tests": 3,
    "passes": 3,
    "pending": 0,
    "failures": 0,
    "start": "2025-01-11T13:31:52.173Z",
    "end": "2025-01-11T13:32:00.209Z",
    "duration": 8036,
    "testsRegistered": 3,
    "passPercent": 100,
    "pendingPercent": 0,
    "other": 0,
    "hasOther": false,
    "skipped": 0,
    "hasSkipped": false
  },
  "results": [
    {
      "uuid": "cde53593-693b-4a70-a447-0baf0208e844",
      "title": "",
      "fullFile": "cypress\\e2e\\OrangeLogin.cy.js",
      "file": "cypress\\e2e\\OrangeLogin.cy.js",
      "beforeHooks": [],
      "afterHooks": [],
      "tests": [],
      "suites": [
        {
          "uuid": "f0e3690b-995b-4610-b9ae-84b1be23f864",
          "title": "Login page orange",
          "fullFile": "",
          "file": "",
          "beforeHooks": [],
          "afterHooks": [],
          "tests": [
            {
              "title": "Verfify login working",
              "fullTitle": "Login page orange Verfify login working",
              "timedOut": null,
              "duration": 3384,
              "state": "passed",
              "speed": "fast",
              "pass": true,
              "fail": false,
              "pending": false,
              "context": null,
              "code": "cy.visit('/');\ncy.get('input[name=\"username\"]').type(\"Admin\");\ncy.get('input[name=\"password\"]').type(\"admin123\");\ncy.get('button[type=\"submit\"]').click();\ncy.get('.oxd-userdropdown').should('be.visible');",
              "err": {},
              "uuid": "5c62fb79-a828-446f-93c6-c5891a37c6e5",
              "parentUUID": "f0e3690b-995b-4610-b9ae-84b1be23f864",
              "isHook": false,
              "skipped": false
            },
            {
              "title": "Verify Login to the HRM App with invalid credentials",
              "fullTitle": "Login page orange Verify Login to the HRM App with invalid credentials",
              "timedOut": null,
              "duration": 2439,
              "state": "passed",
              "speed": "fast",
              "pass": true,
              "fail": false,
              "pending": false,
              "context": null,
              "code": "cy.visit('/');\ncy.get('input[placeholder=\"Username\"]').type(\"Admin\");\ncy.get('input[placeholder=\"Password\"]').type(\"admin1235\");\ncy.get('button[type=\"submit\"]').click({\n  force: true\n});\n// Use the \"should\" command to assert element visibility\ncy.get('div[role=\"alert\"]') // Replace '.element-selector' with the actual selector of the element\n.should('be.visible'); // Use 'be.visible' to assert that the element is visible",
              "err": {},
              "uuid": "5282ee08-0215-41c8-931e-291e65606028",
              "parentUUID": "f0e3690b-995b-4610-b9ae-84b1be23f864",
              "isHook": false,
              "skipped": false
            },
            {
              "title": "Login Forgot your password link navigation is working",
              "fullTitle": "Login page orange Login Forgot your password link navigation is working",
              "timedOut": null,
              "duration": 2128,
              "state": "passed",
              "speed": "fast",
              "pass": true,
              "fail": false,
              "pending": false,
              "context": null,
              "code": "cy.visit('/');\ncy.get('.oxd-text.oxd-text--p.orangehrm-login-forgot-header').click({\n  force: true\n});\n// Use the \"should\" command to assert element visibility\ncy.get('button[type=\"button\"]') // Replace '.element-selector' with the actual selector of the element\n.should('be.visible');",
              "err": {},
              "uuid": "73c737fe-ed0f-4626-b39d-f89624a698fd",
              "parentUUID": "f0e3690b-995b-4610-b9ae-84b1be23f864",
              "isHook": false,
              "skipped": false
            }
          ],
          "suites": [],
          "passes": [
            "5c62fb79-a828-446f-93c6-c5891a37c6e5",
            "5282ee08-0215-41c8-931e-291e65606028",
            "73c737fe-ed0f-4626-b39d-f89624a698fd"
          ],
          "failures": [],
          "pending": [],
          "skipped": [],
          "duration": 7951,
          "root": false,
          "rootEmpty": false,
          "_timeout": 2000
        }
      ],
      "passes": [],
      "failures": [],
      "pending": [],
      "skipped": [],
      "duration": 0,
      "root": true,
      "rootEmpty": true,
      "_timeout": 2000
    }
  ],
  "meta": {
    "mocha": {
      "version": "7.0.1"
    },
    "mochawesome": {
      "options": {
        "quiet": false,
        "reportFilename": "mochawesome",
        "saveHtml": true,
        "saveJson": true,
        "consoleReporter": "spec",
        "useInlineDiffs": false,
        "code": true
      },
      "version": "7.1.3"
    },
    "marge": {
      "options": {
        "reportDir": "cypress/reports",
        "overwrite": false,
        "html": true,
        "json": true,
        "charts": true
      },
      "version": "6.2.0"
    }
  }
}