{
  "stats": {
    "suites": 1,
    "tests": 3,
    "passes": 2,
    "pending": 0,
    "failures": 1,
    "start": "2025-01-10T16:04:27.298Z",
    "end": "2025-01-10T16:04:58.065Z",
    "duration": 30767,
    "testsRegistered": 3,
    "passPercent": 66.66666666666666,
    "pendingPercent": 0,
    "other": 0,
    "hasOther": false,
    "skipped": 0,
    "hasSkipped": false
  },
  "results": [
    {
      "uuid": "65bca681-460e-4f62-8930-7037d1c9ceb5",
      "title": "",
      "fullFile": "cypress\\e2e\\IDdash.cy.js",
      "file": "cypress\\e2e\\IDdash.cy.js",
      "beforeHooks": [],
      "afterHooks": [],
      "tests": [],
      "suites": [
        {
          "uuid": "9e3dd343-9e27-44bd-9dc1-ae98c885148a",
          "title": "Dasboard Tests on Orange HRM Application",
          "fullFile": "",
          "file": "",
          "beforeHooks": [],
          "afterHooks": [],
          "tests": [
            {
              "title": "Verify hyperlinks are not broken on Dashboard Page",
              "fullTitle": "Dasboard Tests on Orange HRM Application Verify hyperlinks are not broken on Dashboard Page",
              "timedOut": null,
              "duration": 15583,
              "state": "passed",
              "speed": "slow",
              "pass": true,
              "fail": false,
              "pending": false,
              "context": null,
              "code": "cy.fetchAndLogLinks();\ncy.screenshot(); //taking a screenshot with command",
              "err": {},
              "uuid": "c172f8e0-a444-42a5-aff1-904497021f23",
              "parentUUID": "9e3dd343-9e27-44bd-9dc1-ae98c885148a",
              "isHook": false,
              "skipped": false
            },
            {
              "title": "Verify Images are not broken on Dashboard Page",
              "fullTitle": "Dasboard Tests on Orange HRM Application Verify Images are not broken on Dashboard Page",
              "timedOut": null,
              "duration": 7321,
              "state": "passed",
              "speed": "medium",
              "pass": true,
              "fail": false,
              "pending": false,
              "context": null,
              "code": "cy.checkImages();\ncy.screenshot('dashboard/imageNotBroken/'); // taking the screenshot and saving it to a particular location.",
              "err": {},
              "uuid": "2ac8806d-944b-428c-9228-1bd978442fd5",
              "parentUUID": "9e3dd343-9e27-44bd-9dc1-ae98c885148a",
              "isHook": false,
              "skipped": false
            },
            {
              "title": "Verify Screenshot taken by failed case at assertion on dashboard page",
              "fullTitle": "Dasboard Tests on Orange HRM Application Verify Screenshot taken by failed case at assertion on dashboard page",
              "timedOut": null,
              "duration": 7679,
              "state": "failed",
              "speed": null,
              "pass": false,
              "fail": true,
              "pending": false,
              "context": null,
              "code": "// purposefully failing the test, so that cypress can take screenshot from config attribute.\ncy.get('.oxd-userdropdown').should('contain', 'Sobhit Sharma');",
              "err": {
                "message": "AssertionError: Timed out retrying after 4000ms: expected '<li.oxd-userdropdown>' to contain 'Sobhit Sharma'",
                "estack": "AssertionError: Timed out retrying after 4000ms: expected '<li.oxd-userdropdown>' to contain 'Sobhit Sharma'\n    at Context.eval (webpack://mon-projet-cypress/./cypress/e2e/IDdash.cy.js:20:7)",
                "diff": null
              },
              "uuid": "170403ca-d743-46d4-9e5b-47fdca0f6f24",
              "parentUUID": "9e3dd343-9e27-44bd-9dc1-ae98c885148a",
              "isHook": false,
              "skipped": false
            }
          ],
          "suites": [],
          "passes": [
            "c172f8e0-a444-42a5-aff1-904497021f23",
            "2ac8806d-944b-428c-9228-1bd978442fd5"
          ],
          "failures": [
            "170403ca-d743-46d4-9e5b-47fdca0f6f24"
          ],
          "pending": [],
          "skipped": [],
          "duration": 30583,
          "root": false,
          "rootEmpty": false,
          "_timeout": 2000
        }
      ],
      "passes": [],
      "failures": [],
      "pending": [],
      "skipped": [],
      "duration": 0,
      "root": true,
      "rootEmpty": true,
      "_timeout": 2000
    }
  ],
  "meta": {
    "mocha": {
      "version": "7.0.1"
    },
    "mochawesome": {
      "options": {
        "quiet": false,
        "reportFilename": "mochawesome",
        "saveHtml": true,
        "saveJson": true,
        "consoleReporter": "spec",
        "useInlineDiffs": false,
        "code": true
      },
      "version": "7.1.3"
    },
    "marge": {
      "options": {
        "reportDir": "cypress/reports",
        "overwrite": false,
        "html": true,
        "json": true,
        "charts": true
      },
      "version": "6.2.0"
    }
  }
}