{
  "stats": {
    "suites": 1,
    "tests": 3,
    "passes": 2,
    "pending": 0,
    "failures": 1,
    "start": "2025-01-11T13:41:32.287Z",
    "end": "2025-01-11T13:41:59.161Z",
    "duration": 26874,
    "testsRegistered": 3,
    "passPercent": 66.66666666666666,
    "pendingPercent": 0,
    "other": 0,
    "hasOther": false,
    "skipped": 0,
    "hasSkipped": false
  },
  "results": [
    {
      "uuid": "f2aa14d4-c55b-4681-9686-633a0e1dd006",
      "title": "",
      "fullFile": "cypress\\e2e\\IDdash.cy.js",
      "file": "cypress\\e2e\\IDdash.cy.js",
      "beforeHooks": [],
      "afterHooks": [],
      "tests": [],
      "suites": [
        {
          "uuid": "37b92443-fc59-4f4c-8276-d50cf11bed95",
          "title": "Dasboard Tests on Orange HRM Application",
          "fullFile": "",
          "file": "",
          "beforeHooks": [],
          "afterHooks": [],
          "tests": [
            {
              "title": "Verify hyperlinks are not broken on Dashboard Page",
              "fullTitle": "Dasboard Tests on Orange HRM Application Verify hyperlinks are not broken on Dashboard Page",
              "timedOut": null,
              "duration": 14231,
              "state": "passed",
              "speed": "slow",
              "pass": true,
              "fail": false,
              "pending": false,
              "context": null,
              "code": "cy.fetchAndLogLinks();\ncy.screenshot(); //taking a screenshot with command",
              "err": {},
              "uuid": "2365544f-b420-4acb-af64-be1e67a7425d",
              "parentUUID": "37b92443-fc59-4f4c-8276-d50cf11bed95",
              "isHook": false,
              "skipped": false
            },
            {
              "title": "Verify Images are not broken on Dashboard Page",
              "fullTitle": "Dasboard Tests on Orange HRM Application Verify Images are not broken on Dashboard Page",
              "timedOut": null,
              "duration": 5504,
              "state": "passed",
              "speed": "medium",
              "pass": true,
              "fail": false,
              "pending": false,
              "context": null,
              "code": "cy.checkImages();\ncy.screenshot('dashboard/imageNotBroken/'); // taking the screenshot and saving it to a particular location.",
              "err": {},
              "uuid": "f282816d-b669-4237-be90-b3bfd2575593",
              "parentUUID": "37b92443-fc59-4f4c-8276-d50cf11bed95",
              "isHook": false,
              "skipped": false
            },
            {
              "title": "Verify Screenshot taken by failed case at assertion on dashboard page",
              "fullTitle": "Dasboard Tests on Orange HRM Application Verify Screenshot taken by failed case at assertion on dashboard page",
              "timedOut": null,
              "duration": 6833,
              "state": "failed",
              "speed": null,
              "pass": false,
              "fail": true,
              "pending": false,
              "context": null,
              "code": "// purposefully failing the test, so that cypress can take screenshot from config attribute.\ncy.get('.oxd-userdropdown').should('contain', 'manda user');",
              "err": {
                "message": "AssertionError: Timed out retrying after 4000ms: expected '<li.oxd-userdropdown>' to contain 'manda user'",
                "estack": "AssertionError: Timed out retrying after 4000ms: expected '<li.oxd-userdropdown>' to contain 'manda user'\n    at Context.eval (webpack://mon-projet-cypress/./cypress/e2e/IDdash.cy.js:20:7)",
                "diff": null
              },
              "uuid": "480b5fa1-c874-4d11-a04e-ae4000ad4070",
              "parentUUID": "37b92443-fc59-4f4c-8276-d50cf11bed95",
              "isHook": false,
              "skipped": false
            }
          ],
          "suites": [],
          "passes": [
            "2365544f-b420-4acb-af64-be1e67a7425d",
            "f282816d-b669-4237-be90-b3bfd2575593"
          ],
          "failures": [
            "480b5fa1-c874-4d11-a04e-ae4000ad4070"
          ],
          "pending": [],
          "skipped": [],
          "duration": 26568,
          "root": false,
          "rootEmpty": false,
          "_timeout": 2000
        }
      ],
      "passes": [],
      "failures": [],
      "pending": [],
      "skipped": [],
      "duration": 0,
      "root": true,
      "rootEmpty": true,
      "_timeout": 2000
    }
  ],
  "meta": {
    "mocha": {
      "version": "7.0.1"
    },
    "mochawesome": {
      "options": {
        "quiet": false,
        "reportFilename": "mochawesome",
        "saveHtml": true,
        "saveJson": true,
        "consoleReporter": "spec",
        "useInlineDiffs": false,
        "code": true
      },
      "version": "7.1.3"
    },
    "marge": {
      "options": {
        "reportDir": "cypress/reports",
        "overwrite": false,
        "html": true,
        "json": true,
        "charts": true
      },
      "version": "6.2.0"
    }
  }
}