{
  "stats": {
    "suites": 1,
    "tests": 3,
    "passes": 2,
    "pending": 0,
    "failures": 1,
    "start": "2025-01-11T13:42:31.843Z",
    "end": "2025-01-11T13:42:57.121Z",
    "duration": 25278,
    "testsRegistered": 3,
    "passPercent": 66.66666666666666,
    "pendingPercent": 0,
    "other": 0,
    "hasOther": false,
    "skipped": 0,
    "hasSkipped": false
  },
  "results": [
    {
      "uuid": "ca719060-ed95-4e69-bf9b-02c226a98224",
      "title": "",
      "fullFile": "cypress\\e2e\\IDdash.cy.js",
      "file": "cypress\\e2e\\IDdash.cy.js",
      "beforeHooks": [],
      "afterHooks": [],
      "tests": [],
      "suites": [
        {
          "uuid": "c98d15c5-c9d4-4a41-90a4-70b5f13b13d3",
          "title": "Dasboard Tests on Orange HRM Application",
          "fullFile": "",
          "file": "",
          "beforeHooks": [],
          "afterHooks": [],
          "tests": [
            {
              "title": "Verify hyperlinks are not broken on Dashboard Page",
              "fullTitle": "Dasboard Tests on Orange HRM Application Verify hyperlinks are not broken on Dashboard Page",
              "timedOut": null,
              "duration": 13447,
              "state": "passed",
              "speed": "slow",
              "pass": true,
              "fail": false,
              "pending": false,
              "context": null,
              "code": "cy.fetchAndLogLinks();\ncy.screenshot(); //taking a screenshot with command",
              "err": {},
              "uuid": "1c19f6d1-11cd-45e9-a20b-145012474a43",
              "parentUUID": "c98d15c5-c9d4-4a41-90a4-70b5f13b13d3",
              "isHook": false,
              "skipped": false
            },
            {
              "title": "Verify Images are not broken on Dashboard Page",
              "fullTitle": "Dasboard Tests on Orange HRM Application Verify Images are not broken on Dashboard Page",
              "timedOut": null,
              "duration": 4829,
              "state": "passed",
              "speed": "fast",
              "pass": true,
              "fail": false,
              "pending": false,
              "context": null,
              "code": "cy.checkImages();\ncy.screenshot('dashboard/imageNotBroken/'); // taking the screenshot and saving it to a particular location.",
              "err": {},
              "uuid": "91ca95ea-3bf8-4f3a-98f1-083983374302",
              "parentUUID": "c98d15c5-c9d4-4a41-90a4-70b5f13b13d3",
              "isHook": false,
              "skipped": false
            },
            {
              "title": "Verify Screenshot taken by failed case at assertion on dashboard page",
              "fullTitle": "Dasboard Tests on Orange HRM Application Verify Screenshot taken by failed case at assertion on dashboard page",
              "timedOut": null,
              "duration": 6692,
              "state": "failed",
              "speed": null,
              "pass": false,
              "fail": true,
              "pending": false,
              "context": null,
              "code": "// purposefully failing the test, so that cypress can take screenshot from config attribute.\ncy.get('.oxd-userdropdown').should('contain', 'manda user');",
              "err": {
                "message": "AssertionError: Timed out retrying after 4000ms: expected '<li.oxd-userdropdown>' to contain 'manda user'",
                "estack": "AssertionError: Timed out retrying after 4000ms: expected '<li.oxd-userdropdown>' to contain 'manda user'\n    at Context.eval (webpack://mon-projet-cypress/./cypress/e2e/IDdash.cy.js:20:7)",
                "diff": null
              },
              "uuid": "8717d066-aa24-43da-9fb1-767f95754d24",
              "parentUUID": "c98d15c5-c9d4-4a41-90a4-70b5f13b13d3",
              "isHook": false,
              "skipped": false
            }
          ],
          "suites": [],
          "passes": [
            "1c19f6d1-11cd-45e9-a20b-145012474a43",
            "91ca95ea-3bf8-4f3a-98f1-083983374302"
          ],
          "failures": [
            "8717d066-aa24-43da-9fb1-767f95754d24"
          ],
          "pending": [],
          "skipped": [],
          "duration": 24968,
          "root": false,
          "rootEmpty": false,
          "_timeout": 2000
        }
      ],
      "passes": [],
      "failures": [],
      "pending": [],
      "skipped": [],
      "duration": 0,
      "root": true,
      "rootEmpty": true,
      "_timeout": 2000
    }
  ],
  "meta": {
    "mocha": {
      "version": "7.0.1"
    },
    "mochawesome": {
      "options": {
        "quiet": false,
        "reportFilename": "mochawesome",
        "saveHtml": true,
        "saveJson": true,
        "consoleReporter": "spec",
        "useInlineDiffs": false,
        "code": true
      },
      "version": "7.1.3"
    },
    "marge": {
      "options": {
        "reportDir": "cypress/reports",
        "overwrite": false,
        "html": true,
        "json": true,
        "charts": true
      },
      "version": "6.2.0"
    }
  }
}