{
  "stats": {
    "suites": 1,
    "tests": 3,
    "passes": 2,
    "pending": 0,
    "failures": 1,
    "start": "2025-01-10T16:00:37.280Z",
    "end": "2025-01-10T16:01:02.947Z",
    "duration": 25667,
    "testsRegistered": 3,
    "passPercent": 66.66666666666666,
    "pendingPercent": 0,
    "other": 0,
    "hasOther": false,
    "skipped": 0,
    "hasSkipped": false
  },
  "results": [
    {
      "uuid": "7b32cf37-a5a5-462f-8b23-8b94c8229232",
      "title": "",
      "fullFile": "cypress\\e2e\\IDdash.cy.js",
      "file": "cypress\\e2e\\IDdash.cy.js",
      "beforeHooks": [],
      "afterHooks": [],
      "tests": [],
      "suites": [
        {
          "uuid": "a47980f1-2647-4191-bc78-2f3f83430823",
          "title": "Dasboard Tests on Orange HRM Application",
          "fullFile": "",
          "file": "",
          "beforeHooks": [],
          "afterHooks": [],
          "tests": [
            {
              "title": "Verify hyperlinks are not broken on Dashboard Page",
              "fullTitle": "Dasboard Tests on Orange HRM Application Verify hyperlinks are not broken on Dashboard Page",
              "timedOut": null,
              "duration": 14456,
              "state": "passed",
              "speed": "slow",
              "pass": true,
              "fail": false,
              "pending": false,
              "context": null,
              "code": "cy.fetchAndLogLinks();\ncy.screenshot(); //taking a screenshot with command",
              "err": {},
              "uuid": "a176a715-8bcf-4532-bca8-39567a4b1495",
              "parentUUID": "a47980f1-2647-4191-bc78-2f3f83430823",
              "isHook": false,
              "skipped": false
            },
            {
              "title": "Verify Images are not broken on Dashboard Page",
              "fullTitle": "Dasboard Tests on Orange HRM Application Verify Images are not broken on Dashboard Page",
              "timedOut": null,
              "duration": 4535,
              "state": "passed",
              "speed": "fast",
              "pass": true,
              "fail": false,
              "pending": false,
              "context": null,
              "code": "cy.checkImages();\ncy.screenshot('dashboard/imageNotBroken/'); // taking the screenshot and saving it to a particular location.",
              "err": {},
              "uuid": "c1cc11fe-40f2-4c5e-b513-2ad3dc827614",
              "parentUUID": "a47980f1-2647-4191-bc78-2f3f83430823",
              "isHook": false,
              "skipped": false
            },
            {
              "title": "Verify Screenshot taken by failed case at assertion on dashboard page",
              "fullTitle": "Dasboard Tests on Orange HRM Application Verify Screenshot taken by failed case at assertion on dashboard page",
              "timedOut": null,
              "duration": 6538,
              "state": "failed",
              "speed": null,
              "pass": false,
              "fail": true,
              "pending": false,
              "context": null,
              "code": "// purposefully failing the test, so that cypress can take screenshot from config attribute.\ncy.get('.oxd-userdropdown').should('contain', 'Sobhit Sharma');",
              "err": {
                "message": "AssertionError: Timed out retrying after 4000ms: expected '<li.oxd-userdropdown>' to contain 'Sobhit Sharma'",
                "estack": "AssertionError: Timed out retrying after 4000ms: expected '<li.oxd-userdropdown>' to contain 'Sobhit Sharma'\n    at Context.eval (webpack://mon-projet-cypress/./cypress/e2e/IDdash.cy.js:20:7)",
                "diff": null
              },
              "uuid": "720edd53-72a7-4068-9a46-64468483b405",
              "parentUUID": "a47980f1-2647-4191-bc78-2f3f83430823",
              "isHook": false,
              "skipped": false
            }
          ],
          "suites": [],
          "passes": [
            "a176a715-8bcf-4532-bca8-39567a4b1495",
            "c1cc11fe-40f2-4c5e-b513-2ad3dc827614"
          ],
          "failures": [
            "720edd53-72a7-4068-9a46-64468483b405"
          ],
          "pending": [],
          "skipped": [],
          "duration": 25529,
          "root": false,
          "rootEmpty": false,
          "_timeout": 2000
        }
      ],
      "passes": [],
      "failures": [],
      "pending": [],
      "skipped": [],
      "duration": 0,
      "root": true,
      "rootEmpty": true,
      "_timeout": 2000
    }
  ],
  "meta": {
    "mocha": {
      "version": "7.0.1"
    },
    "mochawesome": {
      "options": {
        "quiet": false,
        "reportFilename": "mochawesome",
        "saveHtml": true,
        "saveJson": true,
        "consoleReporter": "spec",
        "useInlineDiffs": false,
        "code": true
      },
      "version": "7.1.3"
    },
    "marge": {
      "options": {
        "reportDir": "cypress/reports",
        "overwrite": false,
        "html": true,
        "json": true,
        "charts": true
      },
      "version": "6.2.0"
    }
  }
}