{
  "stats": {
    "suites": 1,
    "tests": 3,
    "passes": 3,
    "pending": 0,
    "failures": 0,
    "start": "2025-01-10T16:04:59.292Z",
    "end": "2025-01-10T16:05:08.217Z",
    "duration": 8925,
    "testsRegistered": 3,
    "passPercent": 100,
    "pendingPercent": 0,
    "other": 0,
    "hasOther": false,
    "skipped": 0,
    "hasSkipped": false
  },
  "results": [
    {
      "uuid": "ea2992c0-c0e5-492d-b9ee-568dfcbecc63",
      "title": "",
      "fullFile": "cypress\\e2e\\OrangeLogin.cy.js",
      "file": "cypress\\e2e\\OrangeLogin.cy.js",
      "beforeHooks": [],
      "afterHooks": [],
      "tests": [],
      "suites": [
        {
          "uuid": "8be92e18-fce8-4e6a-ac5a-f1b795308263",
          "title": "Login page orange",
          "fullFile": "",
          "file": "",
          "beforeHooks": [],
          "afterHooks": [],
          "tests": [
            {
              "title": "Verfify login working",
              "fullTitle": "Login page orange Verfify login working",
              "timedOut": null,
              "duration": 4181,
              "state": "passed",
              "speed": "fast",
              "pass": true,
              "fail": false,
              "pending": false,
              "context": null,
              "code": "cy.visit('/');\ncy.get('input[name=\"username\"]').type(\"Admin\");\ncy.get('input[name=\"password\"]').type(\"admin123\");\ncy.get('button[type=\"submit\"]').click();\ncy.get('.oxd-userdropdown').should('be.visible');",
              "err": {},
              "uuid": "e346f487-ffa7-4470-9edd-7cc7726b910f",
              "parentUUID": "8be92e18-fce8-4e6a-ac5a-f1b795308263",
              "isHook": false,
              "skipped": false
            },
            {
              "title": "Verify Login to the HRM App with invalid credentials",
              "fullTitle": "Login page orange Verify Login to the HRM App with invalid credentials",
              "timedOut": null,
              "duration": 2587,
              "state": "passed",
              "speed": "fast",
              "pass": true,
              "fail": false,
              "pending": false,
              "context": null,
              "code": "cy.visit('/');\ncy.get('input[placeholder=\"Username\"]').type(\"Admin\");\ncy.get('input[placeholder=\"Password\"]').type(\"admin1235\");\ncy.get('button[type=\"submit\"]').click({\n  force: true\n});\n// Use the \"should\" command to assert element visibility\ncy.get('div[role=\"alert\"]') // Replace '.element-selector' with the actual selector of the element\n.should('be.visible'); // Use 'be.visible' to assert that the element is visible",
              "err": {},
              "uuid": "60d0dbd6-9b7b-4aa8-bf7f-de49f28d0097",
              "parentUUID": "8be92e18-fce8-4e6a-ac5a-f1b795308263",
              "isHook": false,
              "skipped": false
            },
            {
              "title": "Login Forgot your password link navigation is working",
              "fullTitle": "Login page orange Login Forgot your password link navigation is working",
              "timedOut": null,
              "duration": 2058,
              "state": "passed",
              "speed": "fast",
              "pass": true,
              "fail": false,
              "pending": false,
              "context": null,
              "code": "cy.visit('/');\ncy.get('.oxd-text.oxd-text--p.orangehrm-login-forgot-header').click({\n  force: true\n});\n// Use the \"should\" command to assert element visibility\ncy.get('button[type=\"button\"]') // Replace '.element-selector' with the actual selector of the element\n.should('be.visible');",
              "err": {},
              "uuid": "58456fa9-0624-41b1-8458-1b2ecf452b65",
              "parentUUID": "8be92e18-fce8-4e6a-ac5a-f1b795308263",
              "isHook": false,
              "skipped": false
            }
          ],
          "suites": [],
          "passes": [
            "e346f487-ffa7-4470-9edd-7cc7726b910f",
            "60d0dbd6-9b7b-4aa8-bf7f-de49f28d0097",
            "58456fa9-0624-41b1-8458-1b2ecf452b65"
          ],
          "failures": [],
          "pending": [],
          "skipped": [],
          "duration": 8826,
          "root": false,
          "rootEmpty": false,
          "_timeout": 2000
        }
      ],
      "passes": [],
      "failures": [],
      "pending": [],
      "skipped": [],
      "duration": 0,
      "root": true,
      "rootEmpty": true,
      "_timeout": 2000
    }
  ],
  "meta": {
    "mocha": {
      "version": "7.0.1"
    },
    "mochawesome": {
      "options": {
        "quiet": false,
        "reportFilename": "mochawesome",
        "saveHtml": true,
        "saveJson": true,
        "consoleReporter": "spec",
        "useInlineDiffs": false,
        "code": true
      },
      "version": "7.1.3"
    },
    "marge": {
      "options": {
        "reportDir": "cypress/reports",
        "overwrite": false,
        "html": true,
        "json": true,
        "charts": true
      },
      "version": "6.2.0"
    }
  }
}