{
  "stats": {
    "suites": 1,
    "tests": 1,
    "passes": 1,
    "pending": 0,
    "failures": 0,
    "start": "2025-01-10T16:06:50.428Z",
    "end": "2025-01-10T16:06:57.479Z",
    "duration": 7051,
    "testsRegistered": 1,
    "passPercent": 100,
    "pendingPercent": 0,
    "other": 0,
    "hasOther": false,
    "skipped": 0,
    "hasSkipped": false
  },
  "results": [
    {
      "uuid": "c608b3c6-03c4-447a-91de-9202c4b6eaa1",
      "title": "",
      "fullFile": "cypress\\e2e\\Buzz.cy.js",
      "file": "cypress\\e2e\\Buzz.cy.js",
      "beforeHooks": [],
      "afterHooks": [],
      "tests": [],
      "suites": [
        {
          "uuid": "bab4dcef-220e-4835-8c69-250aa5fe6748",
          "title": "Buzz Tests on Orange HRM Application",
          "fullFile": "",
          "file": "",
          "beforeHooks": [],
          "afterHooks": [],
          "tests": [
            {
              "title": "Verify user able to post in newsfeed of Buzz Module",
              "fullTitle": "Buzz Tests on Orange HRM Application Verify user able to post in newsfeed of Buzz Module",
              "timedOut": null,
              "duration": 6970,
              "state": "passed",
              "speed": "medium",
              "pass": true,
              "fail": false,
              "pending": false,
              "context": null,
              "code": "cy.get('textarea').should('be.visible').type('\"Hey My first post, Whats on your mind\"');\ncy.get('button[type=\"submit\"]').click({\n  force: true\n});\ncy.get('.oxd-toast-content.oxd-toast-content--success').should('be.visible').contains('Successfully Saved');",
              "err": {},
              "uuid": "257dc27b-1d60-46de-8a76-e5c3519a2b4f",
              "parentUUID": "bab4dcef-220e-4835-8c69-250aa5fe6748",
              "isHook": false,
              "skipped": false
            }
          ],
          "suites": [],
          "passes": [
            "257dc27b-1d60-46de-8a76-e5c3519a2b4f"
          ],
          "failures": [],
          "pending": [],
          "skipped": [],
          "duration": 6970,
          "root": false,
          "rootEmpty": false,
          "_timeout": 2000
        }
      ],
      "passes": [],
      "failures": [],
      "pending": [],
      "skipped": [],
      "duration": 0,
      "root": true,
      "rootEmpty": true,
      "_timeout": 2000
    }
  ],
  "meta": {
    "mocha": {
      "version": "7.0.1"
    },
    "mochawesome": {
      "options": {
        "quiet": false,
        "reportFilename": "mochawesome",
        "saveHtml": true,
        "saveJson": true,
        "consoleReporter": "spec",
        "useInlineDiffs": false,
        "code": true
      },
      "version": "7.1.3"
    },
    "marge": {
      "options": {
        "reportDir": "cypress/reports",
        "overwrite": false,
        "html": true,
        "json": true,
        "charts": true
      },
      "version": "6.2.0"
    }
  }
}